[0.019s] Invoking command in '/home/incubus/mars_ros2/build/delta_lidar': CMAKE_PREFIX_PATH=${CMAKE_PREFIX_PATH}:/home/incubus/mars_ros2/install/py_pubsub:/home/incubus/mars_ros2/install/my_package:/opt/ros/foxy /usr/bin/cmake --build /home/incubus/mars_ros2/build/delta_lidar -- -j4 -l4
[0.065s] [35m[1mScanning dependencies of target delta_lidar_node[0m
[0.084s] [ 14%] Built target delta_lidar_node_client
[0.093s] [ 21%] [32mBuilding CXX object CMakeFiles/delta_lidar_node.dir/src/node.cpp.o[0m
[1.427s] [01m[K/home/incubus/mars_ros2/src/Delta_2A_ros/src/node.cpp:[m[K In function â€˜[01m[Kint main(int, char**)[m[Kâ€™:
[1.427s] [01m[K/home/incubus/mars_ros2/src/Delta_2A_ros/src/node.cpp:110:27:[m[K [01;31m[Kerror: [m[Kâ€˜[01m[Kdev[m[Kâ€™ was not declared in this scope; did you mean â€˜[01m[Kdiv[m[Kâ€™?
[1.428s]   110 |  string opt_com_path = ""/[01;31m[Kdev[m[K/ttyUSB4"";
[1.428s]       |                           [01;31m[K^~~[m[K
[1.428s]       |                           [32m[Kdiv[m[K
[1.429s] [01m[K/home/incubus/mars_ros2/src/Delta_2A_ros/src/node.cpp:110:31:[m[K [01;31m[Kerror: [m[Kâ€˜[01m[KttyUSB4[m[Kâ€™ was not declared in this scope
[1.429s]   110 |  string opt_com_path = ""/dev/[01;31m[KttyUSB4[m[K"";
[1.429s]       |                               [01;31m[K^~~~~~~[m[K
[1.438s] [01m[K/home/incubus/mars_ros2/src/Delta_2A_ros/src/node.cpp:176:46:[m[K [01;35m[Kwarning: [m[Kformat â€˜[01m[K%u[m[Kâ€™ expects argument of type â€˜[01m[Kunsigned int[m[Kâ€™, but argument 2 has type â€˜[01m[Ksize_t[m[Kâ€™ {aka â€˜[01m[Klong unsigned int[m[Kâ€™} [[01;35m[K-Wformat=[m[K]
[1.438s]   176 |                 printf("Receive Lidar count [01;35m[K%u[m[K!\n", [32m[Klidar_scan_size[m[K);
[1.438s]       |                                             [01;35m[K~^[m[K      [32m[K~~~~~~~~~~~~~~~[m[K
[1.438s]       |                                              [01;35m[K|[m[K      [32m[K|[m[K
[1.438s]       |                                              [01;35m[K|[m[K      [32m[Ksize_t {aka long unsigned int}[m[K
[1.438s]       |                                              [01;35m[Kunsigned int[m[K
[1.438s]       |                                             [32m[K%lu[m[K
[1.451s] [01m[K/home/incubus/mars_ros2/src/Delta_2A_ros/src/node.cpp:179:21:[m[K [01;35m[Kwarning: [m[Kunused variable â€˜[01m[Kstart_node[m[Kâ€™ [[01;35m[K-Wunused-variable[m[K]
[1.451s]   179 |                 int [01;35m[Kstart_node[m[K = 0, end_node = 359;
[1.451s]       |                     [01;35m[K^~~~~~~~~~[m[K
[1.451s] [01m[K/home/incubus/mars_ros2/src/Delta_2A_ros/src/node.cpp:179:37:[m[K [01;35m[Kwarning: [m[Kunused variable â€˜[01m[Kend_node[m[Kâ€™ [[01;35m[K-Wunused-variable[m[K]
[1.451s]   179 |                 int start_node = 0, [01;35m[Kend_node[m[K = 359;
[1.451s]       |                                     [01;35m[K^~~~~~~~[m[K
[2.392s] make[2]: *** [CMakeFiles/delta_lidar_node.dir/build.make:63: CMakeFiles/delta_lidar_node.dir/src/node.cpp.o] Error 1
[2.392s] make[1]: *** [CMakeFiles/Makefile2:107: CMakeFiles/delta_lidar_node.dir/all] Error 2
[2.392s] make: *** [Makefile:141: all] Error 2
[2.394s] Invoked command in '/home/incubus/mars_ros2/build/delta_lidar' returned '2': CMAKE_PREFIX_PATH=${CMAKE_PREFIX_PATH}:/home/incubus/mars_ros2/install/py_pubsub:/home/incubus/mars_ros2/install/my_package:/opt/ros/foxy /usr/bin/cmake --build /home/incubus/mars_ros2/build/delta_lidar -- -j4 -l4
