[01m[K/home/incubus/mars_ros2/src/Delta_2A_ros/src/node.cpp:[m[K In function â€˜[01m[Kint main(int, char**)[m[Kâ€™:
[01m[K/home/incubus/mars_ros2/src/Delta_2A_ros/src/node.cpp:176:46:[m[K [01;35m[Kwarning: [m[Kformat â€˜[01m[K%u[m[Kâ€™ expects argument of type â€˜[01m[Kunsigned int[m[Kâ€™, but argument 2 has type â€˜[01m[Ksize_t[m[Kâ€™ {aka â€˜[01m[Klong unsigned int[m[Kâ€™} [[01;35m[K-Wformat=[m[K]
  176 |                 printf("Receive Lidar count [01;35m[K%u[m[K!\n", [32m[Klidar_scan_size[m[K);
      |                                             [01;35m[K~^[m[K      [32m[K~~~~~~~~~~~~~~~[m[K
      |                                              [01;35m[K|[m[K      [32m[K|[m[K
      |                                              [01;35m[K|[m[K      [32m[Ksize_t {aka long unsigned int}[m[K
      |                                              [01;35m[Kunsigned int[m[K
      |                                             [32m[K%lu[m[K
[01m[K/home/incubus/mars_ros2/src/Delta_2A_ros/src/node.cpp:228:30:[m[K [01;31m[Kerror: [m[Kâ€˜[01m[Kclass std::shared_ptr<sensor_msgs::msg::LaserScan_<std::allocator<void> > >[m[Kâ€™ has no member named â€˜[01m[Kintensities[m[Kâ€™
  228 |                     scan_msg.[01;31m[Kintensities[m[K[360 -1- current_angle] = intensities;
      |                              [01;31m[K^~~~~~~~~~~[m[K
[01m[K/home/incubus/mars_ros2/src/Delta_2A_ros/src/node.cpp:179:21:[m[K [01;35m[Kwarning: [m[Kunused variable â€˜[01m[Kstart_node[m[Kâ€™ [[01;35m[K-Wunused-variable[m[K]
  179 |                 int [01;35m[Kstart_node[m[K = 0, end_node = 359;
      |                     [01;35m[K^~~~~~~~~~[m[K
[01m[K/home/incubus/mars_ros2/src/Delta_2A_ros/src/node.cpp:179:37:[m[K [01;35m[Kwarning: [m[Kunused variable â€˜[01m[Kend_node[m[Kâ€™ [[01;35m[K-Wunused-variable[m[K]
  179 |                 int start_node = 0, [01;35m[Kend_node[m[K = 359;
      |                                     [01;35m[K^~~~~~~~[m[K
[01m[K/home/incubus/mars_ros2/src/Delta_2A_ros/src/node.cpp:150:15:[m[K [01;35m[Kwarning: [m[Kenumeration value â€˜[01m[KLIDAR_GRAB_ERRO[m[Kâ€™ not handled in switch [[01;35m[K-Wswitch[m[K]
  150 |         switch[01;35m[K([m[Kresult)
      |               [01;35m[K^[m[K
[01m[K/home/incubus/mars_ros2/src/Delta_2A_ros/src/node.cpp:150:15:[m[K [01;35m[Kwarning: [m[Kenumeration value â€˜[01m[KLIDAR_GRAB_ELSE[m[Kâ€™ not handled in switch [[01;35m[K-Wswitch[m[K]
[01m[K/home/incubus/mars_ros2/src/Delta_2A_ros/src/node.cpp:238:13:[m[K [01;31m[Kerror: [m[Kcase label â€˜[01m[Keverest::hwdrivers::LIDAR_GRAB_ERRO[m[Kâ€™ not within a switch statement
  238 |             [01;31m[Kcase[m[K LIDAR_GRAB_ERRO:
      |             [01;31m[K^~~~[m[K
[01m[K/home/incubus/mars_ros2/src/Delta_2A_ros/src/node.cpp:242:13:[m[K [01;31m[Kerror: [m[Kcase label â€˜[01m[Keverest::hwdrivers::LIDAR_GRAB_ELSE[m[Kâ€™ not within a switch statement
  242 |             [01;31m[Kcase[m[K LIDAR_GRAB_ELSE:
      |             [01;31m[K^~~~[m[K
[01m[K/home/incubus/mars_ros2/src/Delta_2A_ros/src/node.cpp:[m[K At global scope:
[01m[K/home/incubus/mars_ros2/src/Delta_2A_ros/src/node.cpp:252:5:[m[K [01;31m[Kerror: [m[Kexpected unqualified-id before â€˜[01m[Kreturn[m[Kâ€™
  252 |     [01;31m[Kreturn[m[K 0;
      |     [01;31m[K^~~~~~[m[K
[01m[K/home/incubus/mars_ros2/src/Delta_2A_ros/src/node.cpp:253:1:[m[K [01;31m[Kerror: [m[Kexpected declaration before â€˜[01m[K}[m[Kâ€™ token
  253 | [01;31m[K}[m[K
      | [01;31m[K^[m[K
make[2]: *** [CMakeFiles/delta_lidar_node.dir/build.make:63: CMakeFiles/delta_lidar_node.dir/src/node.cpp.o] Error 1
make[1]: *** [CMakeFiles/Makefile2:107: CMakeFiles/delta_lidar_node.dir/all] Error 2
make: *** [Makefile:141: all] Error 2
