[0.014s] Invoking command in '/home/incubus/mars_ros2/build/delta_lidar': CMAKE_PREFIX_PATH=/opt/ros/foxy /usr/bin/cmake --build /home/incubus/mars_ros2/build/delta_lidar -- -j4 -l4
[0.059s] [35m[1mScanning dependencies of target delta_lidar_node[0m
[0.078s] [ 14%] Built target delta_lidar_node_client
[0.087s] [ 21%] [32mBuilding CXX object CMakeFiles/delta_lidar_node.dir/src/node.cpp.o[0m
[1.418s] [01m[K/home/incubus/mars_ros2/src/Delta_2A_ros/src/node.cpp:[m[K In function â€˜[01m[Kint main(int, char**)[m[Kâ€™:
[1.418s] [01m[K/home/incubus/mars_ros2/src/Delta_2A_ros/src/node.cpp:176:46:[m[K [01;35m[Kwarning: [m[Kformat â€˜[01m[K%u[m[Kâ€™ expects argument of type â€˜[01m[Kunsigned int[m[Kâ€™, but argument 2 has type â€˜[01m[Ksize_t[m[Kâ€™ {aka â€˜[01m[Klong unsigned int[m[Kâ€™} [[01;35m[K-Wformat=[m[K]
[1.418s]   176 |                 printf("Receive Lidar count [01;35m[K%u[m[K!\n", [32m[Klidar_scan_size[m[K);
[1.418s]       |                                             [01;35m[K~^[m[K      [32m[K~~~~~~~~~~~~~~~[m[K
[1.418s]       |                                              [01;35m[K|[m[K      [32m[K|[m[K
[1.418s]       |                                              [01;35m[K|[m[K      [32m[Ksize_t {aka long unsigned int}[m[K
[1.418s]       |                                              [01;35m[Kunsigned int[m[K
[1.418s]       |                                             [32m[K%lu[m[K
[1.418s] [01m[K/home/incubus/mars_ros2/src/Delta_2A_ros/src/node.cpp:196:17:[m[K [01;31m[Kerror: [m[Kexpected â€˜[01m[K,[m[Kâ€™ or â€˜[01m[K;[m[Kâ€™ before â€˜[01m[Kauto[m[Kâ€™
[1.419s]   196 |                 [01;31m[Kauto[m[K scan_msg = std::make_shared<sensor_msgs::msg::LaserScan>();
[1.419s]       |                 [01;31m[K^~~~[m[K
[1.420s] [01m[K/home/incubus/mars_ros2/src/Delta_2A_ros/src/node.cpp:198:17:[m[K [01;31m[Kerror: [m[Kâ€˜[01m[Kscan_msg[m[Kâ€™ was not declared in this scope
[1.420s]   198 |                 [01;31m[Kscan_msg[m[K->header.stamp = start;
[1.420s]       |                 [01;31m[K^~~~~~~~[m[K
[1.420s] [01m[K/home/incubus/mars_ros2/src/Delta_2A_ros/src/node.cpp:215:55:[m[K [01;31m[Kerror: [m[Kno match for â€˜[01m[Koperator[][m[Kâ€™ (operand types are â€˜[01m[K_rslidar_data[m[Kâ€™ and â€˜[01m[Ksize_t[m[Kâ€™ {aka â€˜[01m[Klong unsigned int[m[Kâ€™})
[1.420s]   215 |                     size_t current_angle = floor(nodes[01;31m[K[[m[Ki].angle);
[1.421s]       |                                                       [01;31m[K^[m[K
[1.421s] [01m[K/home/incubus/mars_ros2/src/Delta_2A_ros/src/node.cpp:221:53:[m[K [01;31m[Kerror: [m[Kno match for â€˜[01m[Koperator[][m[Kâ€™ (operand types are â€˜[01m[K_rslidar_data[m[Kâ€™ and â€˜[01m[Ksize_t[m[Kâ€™ {aka â€˜[01m[Klong unsigned int[m[Kâ€™})
[1.421s]   221 |                     float read_value = (float) nodes[01;31m[K[[m[Ki].distance;
[1.421s]       |                                                     [01;31m[K^[m[K
[1.421s] [01m[K/home/incubus/mars_ros2/src/Delta_2A_ros/src/node.cpp:227:54:[m[K [01;31m[Kerror: [m[Kno match for â€˜[01m[Koperator[][m[Kâ€™ (operand types are â€˜[01m[K_rslidar_data[m[Kâ€™ and â€˜[01m[Ksize_t[m[Kâ€™ {aka â€˜[01m[Klong unsigned int[m[Kâ€™})
[1.421s]   227 |                     float intensities = (float) nodes[01;31m[K[[m[Ki].signal;
[1.421s]       |                                                      [01;31m[K^[m[K
[1.424s] [01m[K/home/incubus/mars_ros2/src/Delta_2A_ros/src/node.cpp:179:21:[m[K [01;35m[Kwarning: [m[Kunused variable â€˜[01m[Kstart_node[m[Kâ€™ [[01;35m[K-Wunused-variable[m[K]
[1.424s]   179 |                 int [01;35m[Kstart_node[m[K = 0, end_node = 359;
[1.424s]       |                     [01;35m[K^~~~~~~~~~[m[K
[1.424s] [01m[K/home/incubus/mars_ros2/src/Delta_2A_ros/src/node.cpp:179:37:[m[K [01;35m[Kwarning: [m[Kunused variable â€˜[01m[Kend_node[m[Kâ€™ [[01;35m[K-Wunused-variable[m[K]
[1.424s]   179 |                 int start_node = 0, [01;35m[Kend_node[m[K = 359;
[1.424s]       |                                     [01;35m[K^~~~~~~~[m[K
[1.424s] [01m[K/home/incubus/mars_ros2/src/Delta_2A_ros/src/node.cpp:150:15:[m[K [01;35m[Kwarning: [m[Kenumeration value â€˜[01m[KLIDAR_GRAB_ERRO[m[Kâ€™ not handled in switch [[01;35m[K-Wswitch[m[K]
[1.424s]   150 |         switch[01;35m[K([m[Kresult)
[1.424s]       |               [01;35m[K^[m[K
[1.424s] [01m[K/home/incubus/mars_ros2/src/Delta_2A_ros/src/node.cpp:150:15:[m[K [01;35m[Kwarning: [m[Kenumeration value â€˜[01m[KLIDAR_GRAB_ELSE[m[Kâ€™ not handled in switch [[01;35m[K-Wswitch[m[K]
[1.424s] [01m[K/home/incubus/mars_ros2/src/Delta_2A_ros/src/node.cpp:238:13:[m[K [01;31m[Kerror: [m[Kcase label â€˜[01m[Keverest::hwdrivers::LIDAR_GRAB_ERRO[m[Kâ€™ not within a switch statement
[1.424s]   238 |             [01;31m[Kcase[m[K LIDAR_GRAB_ERRO:
[1.424s]       |             [01;31m[K^~~~[m[K
[1.424s] [01m[K/home/incubus/mars_ros2/src/Delta_2A_ros/src/node.cpp:242:13:[m[K [01;31m[Kerror: [m[Kcase label â€˜[01m[Keverest::hwdrivers::LIDAR_GRAB_ELSE[m[Kâ€™ not within a switch statement
[1.424s]   242 |             [01;31m[Kcase[m[K LIDAR_GRAB_ELSE:
[1.425s]       |             [01;31m[K^~~~[m[K
[1.425s] [01m[K/home/incubus/mars_ros2/src/Delta_2A_ros/src/node.cpp:[m[K At global scope:
[1.425s] [01m[K/home/incubus/mars_ros2/src/Delta_2A_ros/src/node.cpp:252:5:[m[K [01;31m[Kerror: [m[Kexpected unqualified-id before â€˜[01m[Kreturn[m[Kâ€™
[1.425s]   252 |     [01;31m[Kreturn[m[K 0;
[1.425s]       |     [01;31m[K^~~~~~[m[K
[1.425s] [01m[K/home/incubus/mars_ros2/src/Delta_2A_ros/src/node.cpp:253:1:[m[K [01;31m[Kerror: [m[Kexpected declaration before â€˜[01m[K}[m[Kâ€™ token
[1.425s]   253 | [01;31m[K}[m[K
[1.425s]       | [01;31m[K^[m[K
[2.388s] make[2]: *** [CMakeFiles/delta_lidar_node.dir/build.make:63: CMakeFiles/delta_lidar_node.dir/src/node.cpp.o] Error 1
[2.388s] make[1]: *** [CMakeFiles/Makefile2:107: CMakeFiles/delta_lidar_node.dir/all] Error 2
[2.389s] make: *** [Makefile:141: all] Error 2
[2.391s] Invoked command in '/home/incubus/mars_ros2/build/delta_lidar' returned '2': CMAKE_PREFIX_PATH=/opt/ros/foxy /usr/bin/cmake --build /home/incubus/mars_ros2/build/delta_lidar -- -j4 -l4
