[35m[1mScanning dependencies of target delta_lidar_node_client[0m
[  7%] [32mBuilding CXX object CMakeFiles/delta_lidar_node.dir/src/node.cpp.o[0m
[ 14%] [32mBuilding CXX object CMakeFiles/delta_lidar_node_client.dir/src/client.cpp.o[0m
[01m[K/home/incubus/mars_ros2/src/Delta_2A_ros/src/node.cpp:22:10:[m[K [01;31m[Kfatal error: [m[Kclock.hpp: No such file or directory
   22 | #include [01;31m[K<clock.hpp>[m[K
      |          [01;31m[K^~~~~~~~~~~[m[K
compilation terminated.
make[2]: *** [CMakeFiles/delta_lidar_node.dir/build.make:63: CMakeFiles/delta_lidar_node.dir/src/node.cpp.o] Error 1
make[1]: *** [CMakeFiles/Makefile2:107: CMakeFiles/delta_lidar_node.dir/all] Error 2
make[1]: *** Waiting for unfinished jobs....
[01m[K/home/incubus/mars_ros2/src/Delta_2A_ros/src/client.cpp:[m[K In function â€˜[01m[Kvoid scanCallback(sensor_msgs::msg::LaserScan_<std::allocator<void> >::SharedPtr)[m[Kâ€™:
[01m[K/home/incubus/mars_ros2/src/Delta_2A_ros/src/client.cpp:25:15:[m[K [01;35m[Kwarning: [m[Kunused variable â€˜[01m[Kdegree[m[Kâ€™ [[01;35m[K-Wunused-variable[m[K]
   25 |         float [01;35m[Kdegree[m[K = RAD2DEG(scan->angle_min + scan->angle_increment * i);
      |               [01;35m[K^~~~~~[m[K
[ 21%] [32m[1mLinking CXX executable delta_lidar_node_client[0m
[ 21%] Built target delta_lidar_node_client
make: *** [Makefile:141: all] Error 2
