[0.012s] Invoking command in '/home/incubus/mars_ros2/build/delta_lidar': CMAKE_PREFIX_PATH=/opt/ros/foxy /usr/bin/cmake --build /home/incubus/mars_ros2/build/delta_lidar -- -j4 -l4
[0.059s] [35m[1mScanning dependencies of target delta_lidar_node_client[0m
[0.077s] [  7%] [32mBuilding CXX object CMakeFiles/delta_lidar_node.dir/src/node.cpp.o[0m
[0.094s] [ 14%] [32mBuilding CXX object CMakeFiles/delta_lidar_node_client.dir/src/client.cpp.o[0m
[0.194s] [01m[K/home/incubus/mars_ros2/src/Delta_2A_ros/src/node.cpp:22:10:[m[K [01;31m[Kfatal error: [m[Kclock.hpp: No such file or directory
[0.194s]    22 | #include [01;31m[K<clock.hpp>[m[K
[0.195s]       |          [01;31m[K^~~~~~~~~~~[m[K
[0.195s] compilation terminated.
[0.196s] make[2]: *** [CMakeFiles/delta_lidar_node.dir/build.make:63: CMakeFiles/delta_lidar_node.dir/src/node.cpp.o] Error 1
[0.196s] make[1]: *** [CMakeFiles/Makefile2:107: CMakeFiles/delta_lidar_node.dir/all] Error 2
[0.196s] make[1]: *** Waiting for unfinished jobs....
[1.362s] [01m[K/home/incubus/mars_ros2/src/Delta_2A_ros/src/client.cpp:[m[K In function â€˜[01m[Kvoid scanCallback(sensor_msgs::msg::LaserScan_<std::allocator<void> >::SharedPtr)[m[Kâ€™:
[1.362s] [01m[K/home/incubus/mars_ros2/src/Delta_2A_ros/src/client.cpp:25:15:[m[K [01;35m[Kwarning: [m[Kunused variable â€˜[01m[Kdegree[m[Kâ€™ [[01;35m[K-Wunused-variable[m[K]
[1.362s]    25 |         float [01;35m[Kdegree[m[K = RAD2DEG(scan->angle_min + scan->angle_increment * i);
[1.362s]       |               [01;35m[K^~~~~~[m[K
[4.820s] [ 21%] [32m[1mLinking CXX executable delta_lidar_node_client[0m
[5.068s] [ 21%] Built target delta_lidar_node_client
[5.069s] make: *** [Makefile:141: all] Error 2
[5.072s] Invoked command in '/home/incubus/mars_ros2/build/delta_lidar' returned '2': CMAKE_PREFIX_PATH=/opt/ros/foxy /usr/bin/cmake --build /home/incubus/mars_ros2/build/delta_lidar -- -j4 -l4
