[0.016s] Invoking command in '/home/incubus/mars_ros2/build/delta_lidar': CMAKE_PREFIX_PATH=/opt/ros/foxy /usr/bin/cmake --build /home/incubus/mars_ros2/build/delta_lidar -- -j4 -l4
[0.057s] [35m[1mScanning dependencies of target delta_lidar_node[0m
[0.075s] [  7%] [32mBuilding CXX object CMakeFiles/delta_lidar_node_client.dir/src/client.cpp.o[0m
[0.093s] [ 14%] [32mBuilding CXX object CMakeFiles/delta_lidar_node.dir/src/node.cpp.o[0m
[0.206s] [01m[K/home/incubus/mars_ros2/src/Delta_2A_ros/src/node.cpp:22:10:[m[K [01;31m[Kfatal error: [m[Kclock.hpp: No such file or directory
[0.206s]    22 | #include [01;31m[K<clock.hpp>[m[K
[0.206s]       |          [01;31m[K^~~~~~~~~~~[m[K
[0.206s] compilation terminated.
[0.208s] make[2]: *** [CMakeFiles/delta_lidar_node.dir/build.make:63: CMakeFiles/delta_lidar_node.dir/src/node.cpp.o] Error 1
[0.208s] make[1]: *** [CMakeFiles/Makefile2:107: CMakeFiles/delta_lidar_node.dir/all] Error 2
[0.208s] make[1]: *** Waiting for unfinished jobs....
[1.327s] [01m[K/home/incubus/mars_ros2/src/Delta_2A_ros/src/client.cpp:[m[K In function â€˜[01m[Kvoid scanCallback(sensor_msgs::msg::LaserScan_<std::allocator<void> >::SharedPtr)[m[Kâ€™:
[1.327s] [01m[K/home/incubus/mars_ros2/src/Delta_2A_ros/src/client.cpp:25:15:[m[K [01;35m[Kwarning: [m[Kunused variable â€˜[01m[Kdegree[m[Kâ€™ [[01;35m[K-Wunused-variable[m[K]
[1.327s]    25 |         float [01;35m[Kdegree[m[K = RAD2DEG(scan->angle_min + scan->angle_increment * i);
[1.327s]       |               [01;35m[K^~~~~~[m[K
[1.328s] [01m[K/home/incubus/mars_ros2/src/Delta_2A_ros/src/client.cpp:[m[K In function â€˜[01m[Kint main(int, char**)[m[Kâ€™:
[1.329s] [01m[K/home/incubus/mars_ros2/src/Delta_2A_ros/src/client.cpp:35:13:[m[K [01;31m[Kerror: [m[Kâ€˜[01m[KSubscriber[m[Kâ€™ is not a member of â€˜[01m[Krclcpp[m[Kâ€™
[1.329s]    35 |     rclcpp::[01;31m[KSubscriber[m[K sub = n.subscribe<sensor_msgs::LaserScan>("/scan", 1000, scanCallback);
[1.329s]       |             [01;31m[K^~~~~~~~~~[m[K
[1.329s] [01m[K/home/incubus/mars_ros2/src/Delta_2A_ros/src/client.cpp:37:33:[m[K [01;31m[Kerror: [m[Kâ€˜[01m[Kusing element_type = class rclcpp::Node[m[Kâ€™ {aka â€˜[01m[Kclass rclcpp::Node[m[Kâ€™} has no member named â€˜[01m[Kn[m[Kâ€™
[1.329s]    37 |     auto lidar_info_sub = node->[01;31m[Kn[m[K.subscribe<sensor_msgs::msg::LaserScan>(
[1.329s]       |                                 [01;31m[K^[m[K
[1.329s] [01m[K/home/incubus/mars_ros2/src/Delta_2A_ros/src/client.cpp:37:72:[m[K [01;31m[Kerror: [m[Kexpected primary-expression before â€˜[01m[K>[m[Kâ€™ token
[1.329s]    37 |     auto lidar_info_sub = node->n.subscribe<sensor_msgs::msg::LaserScan[01;31m[K>[m[K(
[1.329s]       |                                                                        [01;31m[K^[m[K
[1.329s] [01m[K/home/incubus/mars_ros2/src/Delta_2A_ros/src/client.cpp:38:25:[m[K [01;35m[Kwarning: [m[Kleft operand of comma operator has no effect [[01;35m[K-Wunused-value[m[K]
[1.329s]    38 |                         [01;35m[K"scan"[m[K, 1000, scanCallback);
[1.329s]       |                         [01;35m[K^~~~~~[m[K
[1.329s] [01m[K/home/incubus/mars_ros2/src/Delta_2A_ros/src/client.cpp:38:39:[m[K [01;35m[Kwarning: [m[Kright operand of comma operator has no effect [[01;35m[K-Wunused-value[m[K]
[1.329s]    38 |                         "scan", 1000, [01;35m[KscanCallback[m[K);
[1.330s]       |                                       [01;35m[K^~~~~~~~~~~~[m[K
[1.699s] make[2]: *** [CMakeFiles/delta_lidar_node_client.dir/build.make:63: CMakeFiles/delta_lidar_node_client.dir/src/client.cpp.o] Error 1
[1.699s] make[1]: *** [CMakeFiles/Makefile2:80: CMakeFiles/delta_lidar_node_client.dir/all] Error 2
[1.699s] make: *** [Makefile:141: all] Error 2
[1.701s] Invoked command in '/home/incubus/mars_ros2/build/delta_lidar' returned '2': CMAKE_PREFIX_PATH=/opt/ros/foxy /usr/bin/cmake --build /home/incubus/mars_ros2/build/delta_lidar -- -j4 -l4
