[0.015s] Invoking command in '/home/incubus/mars_ros2/build/delta_lidar': CMAKE_PREFIX_PATH=/opt/ros/foxy /usr/bin/cmake --build /home/incubus/mars_ros2/build/delta_lidar -- -j4 -l4
[0.059s] [35m[1mScanning dependencies of target delta_lidar_node[0m
[0.078s] [ 14%] Built target delta_lidar_node_client
[0.087s] [ 21%] [32mBuilding CXX object CMakeFiles/delta_lidar_node.dir/src/node.cpp.o[0m
[1.389s] [01m[K/home/incubus/mars_ros2/src/Delta_2A_ros/src/node.cpp:[m[K In function â€˜[01m[Kint main(int, char**)[m[Kâ€™:
[1.389s] [01m[K/home/incubus/mars_ros2/src/Delta_2A_ros/src/node.cpp:142:5:[m[K [01;31m[Kerror: [m[Kdeclaration of â€˜[01m[Kauto end_scan_time[m[Kâ€™ has no initializer
[1.389s]   142 |     [01;31m[Kauto[m[K end_scan_time;
[1.389s]       |     [01;31m[K^~~~[m[K
[1.392s] [01m[K/home/incubus/mars_ros2/src/Delta_2A_ros/src/node.cpp:172:40:[m[K [01;31m[Kerror: [m[Kcannot call member function â€˜[01m[Krclcpp::Time rclcpp::Clock::now()[m[Kâ€™ without object
[1.392s]   172 |     end_scan_time = rclcpp::Clock::now([01;31m[K)[m[K;
[1.392s]       |                                        [01;31m[K^[m[K
[1.392s] [01m[K/home/incubus/mars_ros2/src/Delta_2A_ros/src/node.cpp:174:46:[m[K [01;35m[Kwarning: [m[Kformat â€˜[01m[K%u[m[Kâ€™ expects argument of type â€˜[01m[Kunsigned int[m[Kâ€™, but argument 2 has type â€˜[01m[Ksize_t[m[Kâ€™ {aka â€˜[01m[Klong unsigned int[m[Kâ€™} [[01;35m[K-Wformat=[m[K]
[1.392s]   174 |                 printf("Receive Lidar count [01;35m[K%u[m[K!\n", [32m[Klidar_scan_size[m[K);
[1.392s]       |                                             [01;35m[K~^[m[K      [32m[K~~~~~~~~~~~~~~~[m[K
[1.392s]       |                                              [01;35m[K|[m[K      [32m[K|[m[K
[1.392s]       |                                              [01;35m[K|[m[K      [32m[Ksize_t {aka long unsigned int}[m[K
[1.393s]       |                                              [01;35m[Kunsigned int[m[K
[1.393s]       |                                             [32m[K%lu[m[K
[1.393s] [01m[K/home/incubus/mars_ros2/src/Delta_2A_ros/src/node.cpp:191:17:[m[K [01;31m[Kerror: [m[Kâ€˜[01m[Kros[m[Kâ€™ has not been declared
[1.393s]   191 |                 [01;31m[Kros[m[K::Clock start = start_scan_time;
[1.393s]       |                 [01;31m[K^~~[m[K
[1.393s] [01m[K/home/incubus/mars_ros2/src/Delta_2A_ros/src/node.cpp:194:17:[m[K [01;31m[Kerror: [m[Kexpected â€˜[01m[K,[m[Kâ€™ or â€˜[01m[K;[m[Kâ€™ before â€˜[01m[Kauto[m[Kâ€™
[1.393s]   194 |                 [01;31m[Kauto[m[K scan_msg = std::make_shared<sensor_msgs::msg::LaserScan>();
[1.393s]       |                 [01;31m[K^~~~[m[K
[1.394s] [01m[K/home/incubus/mars_ros2/src/Delta_2A_ros/src/node.cpp:196:17:[m[K [01;31m[Kerror: [m[Kâ€˜[01m[Kscan_msg[m[Kâ€™ was not declared in this scope
[1.394s]   196 |                 [01;31m[Kscan_msg[m[K->header.stamp = start;
[1.394s]       |                 [01;31m[K^~~~~~~~[m[K
[1.395s] [01m[K/home/incubus/mars_ros2/src/Delta_2A_ros/src/node.cpp:196:42:[m[K [01;31m[Kerror: [m[Kâ€˜[01m[Kstart[m[Kâ€™ was not declared in this scope
[1.396s]   196 |                 scan_msg->header.stamp = [01;31m[Kstart[m[K;
[1.396s]       |                                          [01;31m[K^~~~~[m[K
[1.396s] [01m[K/home/incubus/mars_ros2/src/Delta_2A_ros/src/node.cpp:213:55:[m[K [01;31m[Kerror: [m[Kno match for â€˜[01m[Koperator[][m[Kâ€™ (operand types are â€˜[01m[K_rslidar_data[m[Kâ€™ and â€˜[01m[Ksize_t[m[Kâ€™ {aka â€˜[01m[Klong unsigned int[m[Kâ€™})
[1.396s]   213 |                     size_t current_angle = floor(nodes[01;31m[K[[m[Ki].angle);
[1.396s]       |                                                       [01;31m[K^[m[K
[1.396s] [01m[K/home/incubus/mars_ros2/src/Delta_2A_ros/src/node.cpp:219:53:[m[K [01;31m[Kerror: [m[Kno match for â€˜[01m[Koperator[][m[Kâ€™ (operand types are â€˜[01m[K_rslidar_data[m[Kâ€™ and â€˜[01m[Ksize_t[m[Kâ€™ {aka â€˜[01m[Klong unsigned int[m[Kâ€™})
[1.396s]   219 |                     float read_value = (float) nodes[01;31m[K[[m[Ki].distance;
[1.396s]       |                                                     [01;31m[K^[m[K
[1.396s] [01m[K/home/incubus/mars_ros2/src/Delta_2A_ros/src/node.cpp:225:54:[m[K [01;31m[Kerror: [m[Kno match for â€˜[01m[Koperator[][m[Kâ€™ (operand types are â€˜[01m[K_rslidar_data[m[Kâ€™ and â€˜[01m[Ksize_t[m[Kâ€™ {aka â€˜[01m[Klong unsigned int[m[Kâ€™})
[1.396s]   225 |                     float intensities = (float) nodes[01;31m[K[[m[Ki].signal;
[1.396s]       |                                                      [01;31m[K^[m[K
[1.399s] [01m[K/home/incubus/mars_ros2/src/Delta_2A_ros/src/node.cpp:177:21:[m[K [01;35m[Kwarning: [m[Kunused variable â€˜[01m[Kstart_node[m[Kâ€™ [[01;35m[K-Wunused-variable[m[K]
[1.399s]   177 |                 int [01;35m[Kstart_node[m[K = 0, end_node = 359;
[1.399s]       |                     [01;35m[K^~~~~~~~~~[m[K
[1.399s] [01m[K/home/incubus/mars_ros2/src/Delta_2A_ros/src/node.cpp:177:37:[m[K [01;35m[Kwarning: [m[Kunused variable â€˜[01m[Kend_node[m[Kâ€™ [[01;35m[K-Wunused-variable[m[K]
[1.399s]   177 |                 int start_node = 0, [01;35m[Kend_node[m[K = 359;
[1.399s]       |                                     [01;35m[K^~~~~~~~[m[K
[1.399s] [01m[K/home/incubus/mars_ros2/src/Delta_2A_ros/src/node.cpp:148:15:[m[K [01;35m[Kwarning: [m[Kenumeration value â€˜[01m[KLIDAR_GRAB_ERRO[m[Kâ€™ not handled in switch [[01;35m[K-Wswitch[m[K]
[1.399s]   148 |         switch[01;35m[K([m[Kresult)
[1.399s]       |               [01;35m[K^[m[K
[1.399s] [01m[K/home/incubus/mars_ros2/src/Delta_2A_ros/src/node.cpp:148:15:[m[K [01;35m[Kwarning: [m[Kenumeration value â€˜[01m[KLIDAR_GRAB_ELSE[m[Kâ€™ not handled in switch [[01;35m[K-Wswitch[m[K]
[1.399s] [01m[K/home/incubus/mars_ros2/src/Delta_2A_ros/src/node.cpp:236:13:[m[K [01;31m[Kerror: [m[Kcase label â€˜[01m[Keverest::hwdrivers::LIDAR_GRAB_ERRO[m[Kâ€™ not within a switch statement
[1.399s]   236 |             [01;31m[Kcase[m[K LIDAR_GRAB_ERRO:
[1.400s]       |             [01;31m[K^~~~[m[K
[1.400s] [01m[K/home/incubus/mars_ros2/src/Delta_2A_ros/src/node.cpp:240:13:[m[K [01;31m[Kerror: [m[Kcase label â€˜[01m[Keverest::hwdrivers::LIDAR_GRAB_ELSE[m[Kâ€™ not within a switch statement
[1.400s]   240 |             [01;31m[Kcase[m[K LIDAR_GRAB_ELSE:
[1.400s]       |             [01;31m[K^~~~[m[K
[1.400s] [01m[K/home/incubus/mars_ros2/src/Delta_2A_ros/src/node.cpp:[m[K At global scope:
[1.400s] [01m[K/home/incubus/mars_ros2/src/Delta_2A_ros/src/node.cpp:250:5:[m[K [01;31m[Kerror: [m[Kexpected unqualified-id before â€˜[01m[Kreturn[m[Kâ€™
[1.400s]   250 |     [01;31m[Kreturn[m[K 0;
[1.400s]       |     [01;31m[K^~~~~~[m[K
[1.400s] [01m[K/home/incubus/mars_ros2/src/Delta_2A_ros/src/node.cpp:251:1:[m[K [01;31m[Kerror: [m[Kexpected declaration before â€˜[01m[K}[m[Kâ€™ token
[1.400s]   251 | [01;31m[K}[m[K
[1.400s]       | [01;31m[K^[m[K
[2.349s] make[2]: *** [CMakeFiles/delta_lidar_node.dir/build.make:63: CMakeFiles/delta_lidar_node.dir/src/node.cpp.o] Error 1
[2.349s] make[1]: *** [CMakeFiles/Makefile2:107: CMakeFiles/delta_lidar_node.dir/all] Error 2
[2.349s] make: *** [Makefile:141: all] Error 2
[2.351s] Invoked command in '/home/incubus/mars_ros2/build/delta_lidar' returned '2': CMAKE_PREFIX_PATH=/opt/ros/foxy /usr/bin/cmake --build /home/incubus/mars_ros2/build/delta_lidar -- -j4 -l4
