[0.016s] Invoking command in '/home/incubus/mars_ros2/build/delta_lidar': CMAKE_PREFIX_PATH=/opt/ros/foxy /usr/bin/cmake --build /home/incubus/mars_ros2/build/delta_lidar -- -j4 -l4
[0.060s] [35m[1mScanning dependencies of target delta_lidar_node[0m
[0.079s] [ 14%] Built target delta_lidar_node_client
[0.088s] [ 21%] [32mBuilding CXX object CMakeFiles/delta_lidar_node.dir/src/node.cpp.o[0m
[1.395s] [01m[K/home/incubus/mars_ros2/src/Delta_2A_ros/src/node.cpp:[m[K In function â€˜[01m[Kint main(int, char**)[m[Kâ€™:
[1.395s] [01m[K/home/incubus/mars_ros2/src/Delta_2A_ros/src/node.cpp:146:24:[m[K [01;31m[Kerror: [m[Kbase operand of â€˜[01m[K->[m[Kâ€™ has non-pointer type â€˜[01m[Krclcpp::Clock[m[Kâ€™
[1.395s]   146 |  start_scan_time = time[01;31m[K->[m[Know();
[1.395s]       |                        [01;31m[K^~[m[K
[1.398s] [01m[K/home/incubus/mars_ros2/src/Delta_2A_ros/src/node.cpp:175:40:[m[K [01;31m[Kerror: [m[Kcannot call member function â€˜[01m[Krclcpp::Time rclcpp::Clock::now()[m[Kâ€™ without object
[1.399s]   175 |     end_scan_time = rclcpp::Clock::now([01;31m[K)[m[K;
[1.399s]       |                                        [01;31m[K^[m[K
[1.399s] [01m[K/home/incubus/mars_ros2/src/Delta_2A_ros/src/node.cpp:176:36:[m[K [01;31m[Kerror: [m[Kno match for â€˜[01m[Koperator-[m[Kâ€™ (operand types are â€˜[01m[Krclcpp::Clock[m[Kâ€™ and â€˜[01m[Krclcpp::Clock[m[Kâ€™)
[1.399s]   176 |     scan_duration = ([32m[Kend_scan_time[m[K [01;31m[K-[m[K [34m[Kstart_scan_time[m[K).toSec() * 1e-3;
[1.399s]       |                      [32m[K~~~~~~~~~~~~~[m[K [01;31m[K^[m[K [34m[K~~~~~~~~~~~~~~~[m[K
[1.399s]       |                      [32m[K|[m[K               [34m[K|[m[K
[1.399s]       |                      [32m[Krclcpp::Clock[m[K   [34m[Krclcpp::Clock[m[K
[1.399s] In file included from [01m[K/usr/include/c++/9/bits/stl_algobase.h:67[m[K,
[1.400s]                  from [01m[K/usr/include/c++/9/bits/char_traits.h:39[m[K,
[1.400s]                  from [01m[K/usr/include/c++/9/ios:40[m[K,
[1.400s]                  from [01m[K/usr/include/c++/9/ostream:38[m[K,
[1.400s]                  from [01m[K/usr/include/c++/9/iostream:39[m[K,
[1.400s]                  from [01m[K/home/incubus/mars_ros2/src/Delta_2A_ros/src/node.cpp:22[m[K:
[1.400s] [01m[K/usr/include/c++/9/bits/stl_iterator.h:415:5:[m[K [01;36m[Knote: [m[Kcandidate: â€˜[01m[Ktemplate<class _IteratorL, class _IteratorR> decltype ((__y.base() - __x.base())) std::operator-(const std::reverse_iterator<_Iterator>&, const std::reverse_iterator<_IteratorR>&)[m[Kâ€™
[1.400s]   415 |     [01;36m[Koperator[m[K-(const reverse_iterator<_IteratorL>& __x,
[1.400s]       |     [01;36m[K^~~~~~~~[m[K
[1.400s] [01m[K/usr/include/c++/9/bits/stl_iterator.h:415:5:[m[K [01;36m[Knote: [m[K  template argument deduction/substitution failed:
[1.400s] [01m[K/home/incubus/mars_ros2/src/Delta_2A_ros/src/node.cpp:176:38:[m[K [01;36m[Knote: [m[K  â€˜[01m[Krclcpp::Clock[m[Kâ€™ is not derived from â€˜[01m[Kconst std::reverse_iterator<_Iterator>[m[Kâ€™
[1.400s]   176 |     scan_duration = (end_scan_time - [01;36m[Kstart_scan_time[m[K).toSec() * 1e-3;
[1.400s]       |                                      [01;36m[K^~~~~~~~~~~~~~~[m[K
[1.401s] In file included from [01m[K/usr/include/c++/9/bits/stl_algobase.h:67[m[K,
[1.401s]                  from [01m[K/usr/include/c++/9/bits/char_traits.h:39[m[K,
[1.401s]                  from [01m[K/usr/include/c++/9/ios:40[m[K,
[1.401s]                  from [01m[K/usr/include/c++/9/ostream:38[m[K,
[1.401s]                  from [01m[K/usr/include/c++/9/iostream:39[m[K,
[1.401s]                  from [01m[K/home/incubus/mars_ros2/src/Delta_2A_ros/src/node.cpp:22[m[K:
[1.401s] [01m[K/usr/include/c++/9/bits/stl_iterator.h:1209:5:[m[K [01;36m[Knote: [m[Kcandidate: â€˜[01m[Ktemplate<class _IteratorL, class _IteratorR> decltype ((__x.base() - __y.base())) std::operator-(const std::move_iterator<_IteratorL>&, const std::move_iterator<_IteratorR>&)[m[Kâ€™
[1.401s]  1209 |     [01;36m[Koperator[m[K-(const move_iterator<_IteratorL>& __x,
[1.401s]       |     [01;36m[K^~~~~~~~[m[K
[1.401s] [01m[K/usr/include/c++/9/bits/stl_iterator.h:1209:5:[m[K [01;36m[Knote: [m[K  template argument deduction/substitution failed:
[1.402s] [01m[K/home/incubus/mars_ros2/src/Delta_2A_ros/src/node.cpp:176:38:[m[K [01;36m[Knote: [m[K  â€˜[01m[Krclcpp::Clock[m[Kâ€™ is not derived from â€˜[01m[Kconst std::move_iterator<_IteratorL>[m[Kâ€™
[1.402s]   176 |     scan_duration = (end_scan_time - [01;36m[Kstart_scan_time[m[K).toSec() * 1e-3;
[1.402s]       |                                      [01;36m[K^~~~~~~~~~~~~~~[m[K
[1.402s] In file included from [01m[K/usr/include/c++/9/vector:68[m[K,
[1.402s]                  from [01m[K/opt/ros/foxy/include/rosidl_runtime_cpp/bounded_vector.hpp:22[m[K,
[1.402s]                  from [01m[K/opt/ros/foxy/include/builtin_interfaces/msg/detail/time__struct.hpp:8[m[K,
[1.402s]                  from [01m[K/opt/ros/foxy/include/builtin_interfaces/msg/time.hpp:7[m[K,
[1.402s]                  from [01m[K/opt/ros/foxy/include/rclcpp/time.hpp:18[m[K,
[1.402s]                  from [01m[K/opt/ros/foxy/include/rclcpp/clock.hpp:23[m[K,
[1.402s]                  from [01m[K/home/incubus/mars_ros2/src/Delta_2A_ros/src/node.cpp:25[m[K:
[1.402s] [01m[K/usr/include/c++/9/bits/stl_bvector.h:214:3:[m[K [01;36m[Knote: [m[Kcandidate: â€˜[01m[Kstd::ptrdiff_t std::operator-(const std::_Bit_iterator_base&, const std::_Bit_iterator_base&)[m[Kâ€™
[1.403s]   214 |   [01;36m[Koperator[m[K-(const _Bit_iterator_base& __x, const _Bit_iterator_base& __y)
[1.403s]       |   [01;36m[K^~~~~~~~[m[K
[1.403s] [01m[K/usr/include/c++/9/bits/stl_bvector.h:214:39:[m[K [01;36m[Knote: [m[K  no known conversion for argument 1 from â€˜[01m[Krclcpp::Clock[m[Kâ€™ to â€˜[01m[Kconst std::_Bit_iterator_base&[m[Kâ€™
[1.403s]   214 |   operator-([01;36m[Kconst _Bit_iterator_base& __x[m[K, const _Bit_iterator_base& __y)
[1.403s]       |             [01;36m[K~~~~~~~~~~~~~~~~~~~~~~~~~~^~~[m[K
[1.403s] [01m[K/home/incubus/mars_ros2/src/Delta_2A_ros/src/node.cpp:177:46:[m[K [01;35m[Kwarning: [m[Kformat â€˜[01m[K%u[m[Kâ€™ expects argument of type â€˜[01m[Kunsigned int[m[Kâ€™, but argument 2 has type â€˜[01m[Ksize_t[m[Kâ€™ {aka â€˜[01m[Klong unsigned int[m[Kâ€™} [[01;35m[K-Wformat=[m[K]
[1.403s]   177 |                 printf("Receive Lidar count [01;35m[K%u[m[K!\n", [32m[Klidar_scan_size[m[K);
[1.404s]       |                                             [01;35m[K~^[m[K      [32m[K~~~~~~~~~~~~~~~[m[K
[1.404s]       |                                              [01;35m[K|[m[K      [32m[K|[m[K
[1.404s]       |                                              [01;35m[K|[m[K      [32m[Ksize_t {aka long unsigned int}[m[K
[1.404s]       |                                              [01;35m[Kunsigned int[m[K
[1.404s]       |                                             [32m[K%lu[m[K
[1.404s] [01m[K/home/incubus/mars_ros2/src/Delta_2A_ros/src/node.cpp:194:17:[m[K [01;31m[Kerror: [m[Kâ€˜[01m[Kros[m[Kâ€™ has not been declared
[1.404s]   194 |                 [01;31m[Kros[m[K::Clock start = start_scan_time;
[1.404s]       |                 [01;31m[K^~~[m[K
[1.404s] [01m[K/home/incubus/mars_ros2/src/Delta_2A_ros/src/node.cpp:197:17:[m[K [01;31m[Kerror: [m[Kexpected â€˜[01m[K,[m[Kâ€™ or â€˜[01m[K;[m[Kâ€™ before â€˜[01m[Kauto[m[Kâ€™
[1.405s]   197 |                 [01;31m[Kauto[m[K scan_msg = std::make_shared<sensor_msgs::msg::LaserScan>();
[1.405s]       |                 [01;31m[K^~~~[m[K
[1.405s] [01m[K/home/incubus/mars_ros2/src/Delta_2A_ros/src/node.cpp:199:17:[m[K [01;31m[Kerror: [m[Kâ€˜[01m[Kscan_msg[m[Kâ€™ was not declared in this scope
[1.405s]   199 |                 [01;31m[Kscan_msg[m[K->header.stamp = start;
[1.405s]       |                 [01;31m[K^~~~~~~~[m[K
[1.405s] [01m[K/home/incubus/mars_ros2/src/Delta_2A_ros/src/node.cpp:199:42:[m[K [01;31m[Kerror: [m[Kâ€˜[01m[Kstart[m[Kâ€™ was not declared in this scope
[1.405s]   199 |                 scan_msg->header.stamp = [01;31m[Kstart[m[K;
[1.405s]       |                                          [01;31m[K^~~~~[m[K
[1.405s] [01m[K/home/incubus/mars_ros2/src/Delta_2A_ros/src/node.cpp:216:55:[m[K [01;31m[Kerror: [m[Kno match for â€˜[01m[Koperator[][m[Kâ€™ (operand types are â€˜[01m[K_rslidar_data[m[Kâ€™ and â€˜[01m[Ksize_t[m[Kâ€™ {aka â€˜[01m[Klong unsigned int[m[Kâ€™})
[1.405s]   216 |                     size_t current_angle = floor(nodes[01;31m[K[[m[Ki].angle);
[1.406s]       |                                                       [01;31m[K^[m[K
[1.406s] [01m[K/home/incubus/mars_ros2/src/Delta_2A_ros/src/node.cpp:222:53:[m[K [01;31m[Kerror: [m[Kno match for â€˜[01m[Koperator[][m[Kâ€™ (operand types are â€˜[01m[K_rslidar_data[m[Kâ€™ and â€˜[01m[Ksize_t[m[Kâ€™ {aka â€˜[01m[Klong unsigned int[m[Kâ€™})
[1.406s]   222 |                     float read_value = (float) nodes[01;31m[K[[m[Ki].distance;
[1.406s]       |                                                     [01;31m[K^[m[K
[1.406s] [01m[K/home/incubus/mars_ros2/src/Delta_2A_ros/src/node.cpp:228:54:[m[K [01;31m[Kerror: [m[Kno match for â€˜[01m[Koperator[][m[Kâ€™ (operand types are â€˜[01m[K_rslidar_data[m[Kâ€™ and â€˜[01m[Ksize_t[m[Kâ€™ {aka â€˜[01m[Klong unsigned int[m[Kâ€™})
[1.406s]   228 |                     float intensities = (float) nodes[01;31m[K[[m[Ki].signal;
[1.406s]       |                                                      [01;31m[K^[m[K
[1.408s] [01m[K/home/incubus/mars_ros2/src/Delta_2A_ros/src/node.cpp:180:21:[m[K [01;35m[Kwarning: [m[Kunused variable â€˜[01m[Kstart_node[m[Kâ€™ [[01;35m[K-Wunused-variable[m[K]
[1.408s]   180 |                 int [01;35m[Kstart_node[m[K = 0, end_node = 359;
[1.408s]       |                     [01;35m[K^~~~~~~~~~[m[K
[1.408s] [01m[K/home/incubus/mars_ros2/src/Delta_2A_ros/src/node.cpp:180:37:[m[K [01;35m[Kwarning: [m[Kunused variable â€˜[01m[Kend_node[m[Kâ€™ [[01;35m[K-Wunused-variable[m[K]
[1.408s]   180 |                 int start_node = 0, [01;35m[Kend_node[m[K = 359;
[1.409s]       |                                     [01;35m[K^~~~~~~~[m[K
[1.409s] [01m[K/home/incubus/mars_ros2/src/Delta_2A_ros/src/node.cpp:151:15:[m[K [01;35m[Kwarning: [m[Kenumeration value â€˜[01m[KLIDAR_GRAB_ERRO[m[Kâ€™ not handled in switch [[01;35m[K-Wswitch[m[K]
[1.409s]   151 |         switch[01;35m[K([m[Kresult)
[1.409s]       |               [01;35m[K^[m[K
[1.409s] [01m[K/home/incubus/mars_ros2/src/Delta_2A_ros/src/node.cpp:151:15:[m[K [01;35m[Kwarning: [m[Kenumeration value â€˜[01m[KLIDAR_GRAB_ELSE[m[Kâ€™ not handled in switch [[01;35m[K-Wswitch[m[K]
[1.409s] [01m[K/home/incubus/mars_ros2/src/Delta_2A_ros/src/node.cpp:239:13:[m[K [01;31m[Kerror: [m[Kcase label â€˜[01m[Keverest::hwdrivers::LIDAR_GRAB_ERRO[m[Kâ€™ not within a switch statement
[1.409s]   239 |             [01;31m[Kcase[m[K LIDAR_GRAB_ERRO:
[1.409s]       |             [01;31m[K^~~~[m[K
[1.409s] [01m[K/home/incubus/mars_ros2/src/Delta_2A_ros/src/node.cpp:243:13:[m[K [01;31m[Kerror: [m[Kcase label â€˜[01m[Keverest::hwdrivers::LIDAR_GRAB_ELSE[m[Kâ€™ not within a switch statement
[1.409s]   243 |             [01;31m[Kcase[m[K LIDAR_GRAB_ELSE:
[1.410s]       |             [01;31m[K^~~~[m[K
[1.410s] [01m[K/home/incubus/mars_ros2/src/Delta_2A_ros/src/node.cpp:[m[K At global scope:
[1.410s] [01m[K/home/incubus/mars_ros2/src/Delta_2A_ros/src/node.cpp:253:5:[m[K [01;31m[Kerror: [m[Kexpected unqualified-id before â€˜[01m[Kreturn[m[Kâ€™
[1.410s]   253 |     [01;31m[Kreturn[m[K 0;
[1.410s]       |     [01;31m[K^~~~~~[m[K
[1.410s] [01m[K/home/incubus/mars_ros2/src/Delta_2A_ros/src/node.cpp:254:1:[m[K [01;31m[Kerror: [m[Kexpected declaration before â€˜[01m[K}[m[Kâ€™ token
[1.410s]   254 | [01;31m[K}[m[K
[1.410s]       | [01;31m[K^[m[K
[2.360s] make[2]: *** [CMakeFiles/delta_lidar_node.dir/build.make:63: CMakeFiles/delta_lidar_node.dir/src/node.cpp.o] Error 1
[2.360s] make[1]: *** [CMakeFiles/Makefile2:107: CMakeFiles/delta_lidar_node.dir/all] Error 2
[2.360s] make: *** [Makefile:141: all] Error 2
[2.362s] Invoked command in '/home/incubus/mars_ros2/build/delta_lidar' returned '2': CMAKE_PREFIX_PATH=/opt/ros/foxy /usr/bin/cmake --build /home/incubus/mars_ros2/build/delta_lidar -- -j4 -l4
