[0.021s] Invoking command in '/home/incubus/mars_ros2/build/delta_lidar': CMAKE_PREFIX_PATH=/opt/ros/foxy /usr/bin/cmake --build /home/incubus/mars_ros2/build/delta_lidar -- -j4 -l4
[0.065s] [35m[1mScanning dependencies of target delta_lidar_node[0m
[0.085s] [ 14%] Built target delta_lidar_node_client
[0.094s] [ 21%] [32mBuilding CXX object CMakeFiles/delta_lidar_node.dir/src/node.cpp.o[0m
[1.413s] [01m[K/home/incubus/mars_ros2/src/Delta_2A_ros/src/node.cpp:55:19:[m[K [01;31m[Kerror: [m[Kvariable or field â€˜[01m[Kpublish_scan[m[Kâ€™ declared void
[1.413s]    55 | void publish_scan([01;31m[Kros[m[K::Publisher *pub,
[1.413s]       |                   [01;31m[K^~~[m[K
[1.413s] [01m[K/home/incubus/mars_ros2/src/Delta_2A_ros/src/node.cpp:55:19:[m[K [01;31m[Kerror: [m[Kâ€˜[01m[Kros[m[Kâ€™ has not been declared
[1.414s] [01m[K/home/incubus/mars_ros2/src/Delta_2A_ros/src/node.cpp:55:35:[m[K [01;31m[Kerror: [m[Kâ€˜[01m[Kpub[m[Kâ€™ was not declared in this scope
[1.414s]    55 | void publish_scan(ros::Publisher *[01;31m[Kpub[m[K,
[1.414s]       |                                   [01;31m[K^~~[m[K
[1.414s] [01m[K/home/incubus/mars_ros2/src/Delta_2A_ros/src/node.cpp:56:33:[m[K [01;31m[Kerror: [m[Kexpected primary-expression before â€˜[01m[K*[m[Kâ€™ token
[1.414s]    56 |                   _rslidar_data [01;31m[K*[m[Knodes,
[1.414s]       |                                 [01;31m[K^[m[K
[1.415s] [01m[K/home/incubus/mars_ros2/src/Delta_2A_ros/src/node.cpp:56:34:[m[K [01;31m[Kerror: [m[Kâ€˜[01m[Knodes[m[Kâ€™ was not declared in this scope
[1.415s]    56 |                   _rslidar_data *[01;31m[Knodes[m[K,
[1.415s]       |                                  [01;31m[K^~~~~[m[K
[1.415s] [01m[K/home/incubus/mars_ros2/src/Delta_2A_ros/src/node.cpp:57:26:[m[K [01;31m[Kerror: [m[Kexpected primary-expression before â€˜[01m[Knode_count[m[Kâ€™
[1.415s]    57 |                   size_t [01;31m[Knode_count[m[K, ros::Time start,
[1.416s]       |                          [01;31m[K^~~~~~~~~~[m[K
[1.416s] [01m[K/home/incubus/mars_ros2/src/Delta_2A_ros/src/node.cpp:57:38:[m[K [01;31m[Kerror: [m[Kâ€˜[01m[Kros[m[Kâ€™ has not been declared
[1.416s]    57 |                   size_t node_count, [01;31m[Kros[m[K::Time start,
[1.416s]       |                                      [01;31m[K^~~[m[K
[1.416s] [01m[K/home/incubus/mars_ros2/src/Delta_2A_ros/src/node.cpp:58:19:[m[K [01;31m[Kerror: [m[Kexpected primary-expression before â€˜[01m[Kdouble[m[Kâ€™
[1.416s]    58 |                   [01;31m[Kdouble[m[K scan_time,
[1.416s]       |                   [01;31m[K^~~~~~[m[K
[1.416s] [01m[K/home/incubus/mars_ros2/src/Delta_2A_ros/src/node.cpp:59:19:[m[K [01;31m[Kerror: [m[Kexpected primary-expression before â€˜[01m[Kfloat[m[Kâ€™
[1.416s]    59 |                   [01;31m[Kfloat[m[K angle_min, float angle_max,
[1.416s]       |                   [01;31m[K^~~~~[m[K
[1.417s] [01m[K/home/incubus/mars_ros2/src/Delta_2A_ros/src/node.cpp:59:36:[m[K [01;31m[Kerror: [m[Kexpected primary-expression before â€˜[01m[Kfloat[m[Kâ€™
[1.417s]    59 |                   float angle_min, [01;31m[Kfloat[m[K angle_max,
[1.417s]       |                                    [01;31m[K^~~~~[m[K
[1.417s] [01m[K/home/incubus/mars_ros2/src/Delta_2A_ros/src/node.cpp:60:31:[m[K [01;31m[Kerror: [m[Kexpected primary-expression before â€˜[01m[Kframe_id[m[Kâ€™
[1.417s]    60 |                   std::string [01;31m[Kframe_id[m[K)
[1.417s]       |                               [01;31m[K^~~~~~~~[m[K
[1.417s] [01m[K/home/incubus/mars_ros2/src/Delta_2A_ros/src/node.cpp:[m[K In function â€˜[01m[Kint main(int, char**)[m[Kâ€™:
[1.417s] [01m[K/home/incubus/mars_ros2/src/Delta_2A_ros/src/node.cpp:113:12:[m[K [01;31m[Kerror: [m[Kredeclaration of â€˜[01m[Kstd::string frame_id[m[Kâ€™
[1.417s]   113 |     string [01;31m[Kframe_id[m[K;
[1.418s]       |            [01;31m[K^~~~~~~~[m[K
[1.418s] [01m[K/home/incubus/mars_ros2/src/Delta_2A_ros/src/node.cpp:110:17:[m[K [01;36m[Knote: [m[Kâ€˜[01m[Kstd::string frame_id[m[Kâ€™ previously declared here
[1.418s]   110 |     std::string [01;36m[Kframe_id[m[K = "laser";
[1.418s]       |                 [01;36m[K^~~~~~~~[m[K
[1.421s] [01m[K/home/incubus/mars_ros2/src/Delta_2A_ros/src/node.cpp:140:5:[m[K [01;31m[Kerror: [m[Kâ€˜[01m[Kros[m[Kâ€™ has not been declared
[1.421s]   140 |     [01;31m[Kros[m[K::Time start_scan_time;
[1.421s]       |     [01;31m[K^~~[m[K
[1.421s] [01m[K/home/incubus/mars_ros2/src/Delta_2A_ros/src/node.cpp:141:5:[m[K [01;31m[Kerror: [m[Kâ€˜[01m[Kros[m[Kâ€™ has not been declared
[1.421s]   141 |     [01;31m[Kros[m[K::Time end_scan_time;
[1.421s]       |     [01;31m[K^~~[m[K
[1.423s] [01m[K/home/incubus/mars_ros2/src/Delta_2A_ros/src/node.cpp:144:2:[m[K [01;31m[Kerror: [m[Kâ€˜[01m[Kstart_scan_time[m[Kâ€™ was not declared in this scope
[1.423s]   144 |  [01;31m[Kstart_scan_time[m[K = std::chrono::system_clock();
[1.423s]       |  [01;31m[K^~~~~~~~~~~~~~~[m[K
[1.428s] [01m[K/home/incubus/mars_ros2/src/Delta_2A_ros/src/node.cpp:173:5:[m[K [01;31m[Kerror: [m[Kâ€˜[01m[Kend_scan_time[m[Kâ€™ was not declared in this scope
[1.429s]   173 |     [01;31m[Kend_scan_time[m[K = rclcpp::Time::now();
[1.429s]       |     [01;31m[K^~~~~~~~~~~~~[m[K
[1.429s] [01m[K/home/incubus/mars_ros2/src/Delta_2A_ros/src/node.cpp:173:35:[m[K [01;31m[Kerror: [m[Kâ€˜[01m[Know[m[Kâ€™ is not a member of â€˜[01m[Krclcpp::Time[m[Kâ€™
[1.429s]   173 |     end_scan_time = rclcpp::Time::[01;31m[Know[m[K();
[1.429s]       |                                   [01;31m[K^~~[m[K
[1.429s] [01m[K/home/incubus/mars_ros2/src/Delta_2A_ros/src/node.cpp:175:46:[m[K [01;35m[Kwarning: [m[Kformat â€˜[01m[K%u[m[Kâ€™ expects argument of type â€˜[01m[Kunsigned int[m[Kâ€™, but argument 2 has type â€˜[01m[Ksize_t[m[Kâ€™ {aka â€˜[01m[Klong unsigned int[m[Kâ€™} [[01;35m[K-Wformat=[m[K]
[1.429s]   175 |                 printf("Receive Lidar count [01;35m[K%u[m[K!\n", [32m[Klidar_scan_size[m[K);
[1.429s]       |                                             [01;35m[K~^[m[K      [32m[K~~~~~~~~~~~~~~~[m[K
[1.429s]       |                                              [01;35m[K|[m[K      [32m[K|[m[K
[1.429s]       |                                              [01;35m[K|[m[K      [32m[Ksize_t {aka long unsigned int}[m[K
[1.429s]       |                                              [01;35m[Kunsigned int[m[K
[1.430s]       |                                             [32m[K%lu[m[K
[1.435s] [01m[K/home/incubus/mars_ros2/src/Delta_2A_ros/src/node.cpp:179:17:[m[K [01;31m[Kerror: [m[Kâ€˜[01m[Kpublish_scan[m[Kâ€™ was not declared in this scope
[1.435s]   179 |                 [01;31m[Kpublish_scan[m[K(&scan_pub, &send_lidar_scan_data[0], lidar_scan_size,
[1.435s]       |                 [01;31m[K^~~~~~~~~~~~[m[K
[1.435s] [01m[K/home/incubus/mars_ros2/src/Delta_2A_ros/src/node.cpp:178:21:[m[K [01;35m[Kwarning: [m[Kunused variable â€˜[01m[Kstart_node[m[Kâ€™ [[01;35m[K-Wunused-variable[m[K]
[1.435s]   178 |                 int [01;35m[Kstart_node[m[K = 0, end_node = 359;
[1.435s]       |                     [01;35m[K^~~~~~~~~~[m[K
[1.435s] [01m[K/home/incubus/mars_ros2/src/Delta_2A_ros/src/node.cpp:178:37:[m[K [01;35m[Kwarning: [m[Kunused variable â€˜[01m[Kend_node[m[Kâ€™ [[01;35m[K-Wunused-variable[m[K]
[1.435s]   178 |                 int start_node = 0, [01;35m[Kend_node[m[K = 359;
[1.435s]       |                                     [01;35m[K^~~~~~~~[m[K
[2.384s] make[2]: *** [CMakeFiles/delta_lidar_node.dir/build.make:63: CMakeFiles/delta_lidar_node.dir/src/node.cpp.o] Error 1
[2.384s] make[1]: *** [CMakeFiles/Makefile2:107: CMakeFiles/delta_lidar_node.dir/all] Error 2
[2.384s] make: *** [Makefile:141: all] Error 2
[2.386s] Invoked command in '/home/incubus/mars_ros2/build/delta_lidar' returned '2': CMAKE_PREFIX_PATH=/opt/ros/foxy /usr/bin/cmake --build /home/incubus/mars_ros2/build/delta_lidar -- -j4 -l4
