[01m[K/home/incubus/mars_ros2/src/Delta_2A_ros/src/node.cpp:57:27:[m[K [01;31m[Kerror: [m[Kvariable or field â€˜[01m[Kpublish_scan[m[Kâ€™ declared void
   57 | void publish_scan(rclcpp::[01;31m[KPublisher[m[K *pub,
      |                           [01;31m[K^~~~~~~~~[m[K
[01m[K/home/incubus/mars_ros2/src/Delta_2A_ros/src/node.cpp:57:37:[m[K [01;31m[Kerror: [m[Kmissing template arguments before â€˜[01m[K*[m[Kâ€™ token
   57 | void publish_scan(rclcpp::Publisher [01;31m[K*[m[Kpub,
      |                                     [01;31m[K^[m[K
[01m[K/home/incubus/mars_ros2/src/Delta_2A_ros/src/node.cpp:57:38:[m[K [01;31m[Kerror: [m[Kâ€˜[01m[Kpub[m[Kâ€™ was not declared in this scope
   57 | void publish_scan(rclcpp::Publisher *[01;31m[Kpub[m[K,
      |                                      [01;31m[K^~~[m[K
[01m[K/home/incubus/mars_ros2/src/Delta_2A_ros/src/node.cpp:58:33:[m[K [01;31m[Kerror: [m[Kexpected primary-expression before â€˜[01m[K*[m[Kâ€™ token
   58 |                   _rslidar_data [01;31m[K*[m[Knodes,
      |                                 [01;31m[K^[m[K
[01m[K/home/incubus/mars_ros2/src/Delta_2A_ros/src/node.cpp:58:34:[m[K [01;31m[Kerror: [m[Kâ€˜[01m[Knodes[m[Kâ€™ was not declared in this scope
   58 |                   _rslidar_data *[01;31m[Knodes[m[K,
      |                                  [01;31m[K^~~~~[m[K
[01m[K/home/incubus/mars_ros2/src/Delta_2A_ros/src/node.cpp:59:26:[m[K [01;31m[Kerror: [m[Kexpected primary-expression before â€˜[01m[Knode_count[m[Kâ€™
   59 |                   size_t [01;31m[Knode_count[m[K, ros::Clock start,
      |                          [01;31m[K^~~~~~~~~~[m[K
[01m[K/home/incubus/mars_ros2/src/Delta_2A_ros/src/node.cpp:59:38:[m[K [01;31m[Kerror: [m[Kâ€˜[01m[Kros[m[Kâ€™ has not been declared
   59 |                   size_t node_count, [01;31m[Kros[m[K::Clock start,
      |                                      [01;31m[K^~~[m[K
[01m[K/home/incubus/mars_ros2/src/Delta_2A_ros/src/node.cpp:60:19:[m[K [01;31m[Kerror: [m[Kexpected primary-expression before â€˜[01m[Kdouble[m[Kâ€™
   60 |                   [01;31m[Kdouble[m[K scan_time,
      |                   [01;31m[K^~~~~~[m[K
[01m[K/home/incubus/mars_ros2/src/Delta_2A_ros/src/node.cpp:61:19:[m[K [01;31m[Kerror: [m[Kexpected primary-expression before â€˜[01m[Kfloat[m[Kâ€™
   61 |                   [01;31m[Kfloat[m[K angle_min, float angle_max,
      |                   [01;31m[K^~~~~[m[K
[01m[K/home/incubus/mars_ros2/src/Delta_2A_ros/src/node.cpp:61:36:[m[K [01;31m[Kerror: [m[Kexpected primary-expression before â€˜[01m[Kfloat[m[Kâ€™
   61 |                   float angle_min, [01;31m[Kfloat[m[K angle_max,
      |                                    [01;31m[K^~~~~[m[K
[01m[K/home/incubus/mars_ros2/src/Delta_2A_ros/src/node.cpp:62:31:[m[K [01;31m[Kerror: [m[Kexpected primary-expression before â€˜[01m[Kframe_id[m[Kâ€™
   62 |                   std::string [01;31m[Kframe_id[m[K)
      |                               [01;31m[K^~~~~~~~[m[K
[01m[K/home/incubus/mars_ros2/src/Delta_2A_ros/src/node.cpp:[m[K In function â€˜[01m[Kint main(int, char**)[m[Kâ€™:
[01m[K/home/incubus/mars_ros2/src/Delta_2A_ros/src/node.cpp:119:23:[m[K [01;31m[Kerror: [m[Kmissing template arguments before â€˜[01m[Kscan_pub[m[Kâ€™
  119 |     rclcpp::Publisher [01;31m[Kscan_pub[m[K = node->create_publisher<sensor_msgs::msg::LaserScan>("scan", 1000);
      |                       [01;31m[K^~~~~~~~[m[K
[01m[K/home/incubus/mars_ros2/src/Delta_2A_ros/src/node.cpp:145:39:[m[K [01;31m[Kerror: [m[Kcannot call member function â€˜[01m[Krclcpp::Time rclcpp::Clock::now()[m[Kâ€™ without object
  145 |  start_scan_time = rclcpp::Clock::now([01;31m[K)[m[K;
      |                                       [01;31m[K^[m[K
[01m[K/home/incubus/mars_ros2/src/Delta_2A_ros/src/node.cpp:174:21:[m[K [01;31m[Kerror: [m[Kâ€˜[01m[Kclcpp[m[Kâ€™ has not been declared
  174 |     end_scan_time = [01;31m[Kclcpp[m[K::Clock::now();
      |                     [01;31m[K^~~~~[m[K
[01m[K/home/incubus/mars_ros2/src/Delta_2A_ros/src/node.cpp:175:36:[m[K [01;31m[Kerror: [m[Kno match for â€˜[01m[Koperator-[m[Kâ€™ (operand types are â€˜[01m[Krclcpp::Clock[m[Kâ€™ and â€˜[01m[Krclcpp::Clock[m[Kâ€™)
  175 |     scan_duration = ([32m[Kend_scan_time[m[K [01;31m[K-[m[K [34m[Kstart_scan_time[m[K).toSec() * 1e-3;
      |                      [32m[K~~~~~~~~~~~~~[m[K [01;31m[K^[m[K [34m[K~~~~~~~~~~~~~~~[m[K
      |                      [32m[K|[m[K               [34m[K|[m[K
      |                      [32m[Krclcpp::Clock[m[K   [34m[Krclcpp::Clock[m[K
In file included from [01m[K/usr/include/c++/9/bits/stl_algobase.h:67[m[K,
                 from [01m[K/usr/include/c++/9/bits/char_traits.h:39[m[K,
                 from [01m[K/usr/include/c++/9/ios:40[m[K,
                 from [01m[K/usr/include/c++/9/ostream:38[m[K,
                 from [01m[K/usr/include/c++/9/iostream:39[m[K,
                 from [01m[K/home/incubus/mars_ros2/src/Delta_2A_ros/src/node.cpp:22[m[K:
[01m[K/usr/include/c++/9/bits/stl_iterator.h:415:5:[m[K [01;36m[Knote: [m[Kcandidate: â€˜[01m[Ktemplate<class _IteratorL, class _IteratorR> decltype ((__y.base() - __x.base())) std::operator-(const std::reverse_iterator<_Iterator>&, const std::reverse_iterator<_IteratorR>&)[m[Kâ€™
  415 |     [01;36m[Koperator[m[K-(const reverse_iterator<_IteratorL>& __x,
      |     [01;36m[K^~~~~~~~[m[K
[01m[K/usr/include/c++/9/bits/stl_iterator.h:415:5:[m[K [01;36m[Knote: [m[K  template argument deduction/substitution failed:
[01m[K/home/incubus/mars_ros2/src/Delta_2A_ros/src/node.cpp:175:38:[m[K [01;36m[Knote: [m[K  â€˜[01m[Krclcpp::Clock[m[Kâ€™ is not derived from â€˜[01m[Kconst std::reverse_iterator<_Iterator>[m[Kâ€™
  175 |     scan_duration = (end_scan_time - [01;36m[Kstart_scan_time[m[K).toSec() * 1e-3;
      |                                      [01;36m[K^~~~~~~~~~~~~~~[m[K
In file included from [01m[K/usr/include/c++/9/bits/stl_algobase.h:67[m[K,
                 from [01m[K/usr/include/c++/9/bits/char_traits.h:39[m[K,
                 from [01m[K/usr/include/c++/9/ios:40[m[K,
                 from [01m[K/usr/include/c++/9/ostream:38[m[K,
                 from [01m[K/usr/include/c++/9/iostream:39[m[K,
                 from [01m[K/home/incubus/mars_ros2/src/Delta_2A_ros/src/node.cpp:22[m[K:
[01m[K/usr/include/c++/9/bits/stl_iterator.h:1209:5:[m[K [01;36m[Knote: [m[Kcandidate: â€˜[01m[Ktemplate<class _IteratorL, class _IteratorR> decltype ((__x.base() - __y.base())) std::operator-(const std::move_iterator<_IteratorL>&, const std::move_iterator<_IteratorR>&)[m[Kâ€™
 1209 |     [01;36m[Koperator[m[K-(const move_iterator<_IteratorL>& __x,
      |     [01;36m[K^~~~~~~~[m[K
[01m[K/usr/include/c++/9/bits/stl_iterator.h:1209:5:[m[K [01;36m[Knote: [m[K  template argument deduction/substitution failed:
[01m[K/home/incubus/mars_ros2/src/Delta_2A_ros/src/node.cpp:175:38:[m[K [01;36m[Knote: [m[K  â€˜[01m[Krclcpp::Clock[m[Kâ€™ is not derived from â€˜[01m[Kconst std::move_iterator<_IteratorL>[m[Kâ€™
  175 |     scan_duration = (end_scan_time - [01;36m[Kstart_scan_time[m[K).toSec() * 1e-3;
      |                                      [01;36m[K^~~~~~~~~~~~~~~[m[K
In file included from [01m[K/usr/include/c++/9/vector:68[m[K,
                 from [01m[K/opt/ros/foxy/include/rosidl_runtime_cpp/bounded_vector.hpp:22[m[K,
                 from [01m[K/opt/ros/foxy/include/builtin_interfaces/msg/detail/time__struct.hpp:8[m[K,
                 from [01m[K/opt/ros/foxy/include/builtin_interfaces/msg/time.hpp:7[m[K,
                 from [01m[K/opt/ros/foxy/include/rclcpp/time.hpp:18[m[K,
                 from [01m[K/opt/ros/foxy/include/rclcpp/clock.hpp:23[m[K,
                 from [01m[K/home/incubus/mars_ros2/src/Delta_2A_ros/src/node.cpp:25[m[K:
[01m[K/usr/include/c++/9/bits/stl_bvector.h:214:3:[m[K [01;36m[Knote: [m[Kcandidate: â€˜[01m[Kstd::ptrdiff_t std::operator-(const std::_Bit_iterator_base&, const std::_Bit_iterator_base&)[m[Kâ€™
  214 |   [01;36m[Koperator[m[K-(const _Bit_iterator_base& __x, const _Bit_iterator_base& __y)
      |   [01;36m[K^~~~~~~~[m[K
[01m[K/usr/include/c++/9/bits/stl_bvector.h:214:39:[m[K [01;36m[Knote: [m[K  no known conversion for argument 1 from â€˜[01m[Krclcpp::Clock[m[Kâ€™ to â€˜[01m[Kconst std::_Bit_iterator_base&[m[Kâ€™
  214 |   operator-([01;36m[Kconst _Bit_iterator_base& __x[m[K, const _Bit_iterator_base& __y)
      |             [01;36m[K~~~~~~~~~~~~~~~~~~~~~~~~~~^~~[m[K
[01m[K/home/incubus/mars_ros2/src/Delta_2A_ros/src/node.cpp:176:46:[m[K [01;35m[Kwarning: [m[Kformat â€˜[01m[K%u[m[Kâ€™ expects argument of type â€˜[01m[Kunsigned int[m[Kâ€™, but argument 2 has type â€˜[01m[Ksize_t[m[Kâ€™ {aka â€˜[01m[Klong unsigned int[m[Kâ€™} [[01;35m[K-Wformat=[m[K]
  176 |                 printf("Receive Lidar count [01;35m[K%u[m[K!\n", [32m[Klidar_scan_size[m[K);
      |                                             [01;35m[K~^[m[K      [32m[K~~~~~~~~~~~~~~~[m[K
      |                                              [01;35m[K|[m[K      [32m[K|[m[K
      |                                              [01;35m[K|[m[K      [32m[Ksize_t {aka long unsigned int}[m[K
      |                                              [01;35m[Kunsigned int[m[K
      |                                             [32m[K%lu[m[K
[01m[K/home/incubus/mars_ros2/src/Delta_2A_ros/src/node.cpp:180:31:[m[K [01;31m[Kerror: [m[Kâ€˜[01m[Kscan_pub[m[Kâ€™ was not declared in this scope
  180 |                 publish_scan(&[01;31m[Kscan_pub[m[K, &send_lidar_scan_data[0], lidar_scan_size,
      |                               [01;31m[K^~~~~~~~[m[K
[01m[K/home/incubus/mars_ros2/src/Delta_2A_ros/src/node.cpp:180:17:[m[K [01;31m[Kerror: [m[Kâ€˜[01m[Kpublish_scan[m[Kâ€™ was not declared in this scope
  180 |                 [01;31m[Kpublish_scan[m[K(&scan_pub, &send_lidar_scan_data[0], lidar_scan_size,
      |                 [01;31m[K^~~~~~~~~~~~[m[K
[01m[K/home/incubus/mars_ros2/src/Delta_2A_ros/src/node.cpp:179:21:[m[K [01;35m[Kwarning: [m[Kunused variable â€˜[01m[Kstart_node[m[Kâ€™ [[01;35m[K-Wunused-variable[m[K]
  179 |                 int [01;35m[Kstart_node[m[K = 0, end_node = 359;
      |                     [01;35m[K^~~~~~~~~~[m[K
[01m[K/home/incubus/mars_ros2/src/Delta_2A_ros/src/node.cpp:179:37:[m[K [01;35m[Kwarning: [m[Kunused variable â€˜[01m[Kend_node[m[Kâ€™ [[01;35m[K-Wunused-variable[m[K]
  179 |                 int start_node = 0, [01;35m[Kend_node[m[K = 359;
      |                                     [01;35m[K^~~~~~~~[m[K
make[2]: *** [CMakeFiles/delta_lidar_node.dir/build.make:63: CMakeFiles/delta_lidar_node.dir/src/node.cpp.o] Error 1
make[1]: *** [CMakeFiles/Makefile2:107: CMakeFiles/delta_lidar_node.dir/all] Error 2
make: *** [Makefile:141: all] Error 2
