In file included from [01m[K/home/incubus/mars_ros2/src/Delta_2A_ros/sdk/src/CArcTime.cpp:16[m[K:
[01m[K/home/incubus/mars_ros2/src/Delta_2A_ros/sdk/include/CArcTime.h:[m[K In member function â€˜[01m[Kvoid everest::hwdrivers::CArcTime::log(const char*) const[m[Kâ€™:
[01m[K/home/incubus/mars_ros2/src/Delta_2A_ros/sdk/include/CArcTime.h:251:32:[m[K [01;35m[Kwarning: [m[Kunused parameter â€˜[01m[Kprefix[m[Kâ€™ [[01;35m[K-Wunused-parameter[m[K]
  251 |           void log(const char *[01;35m[Kp[m[Krefix = NULL) const
      |                                [01;35m[K^[m[K
[01m[K/home/incubus/mars_ros2/src/Delta_2A_ros/sdk/src/C3iroboticsLidar.cpp:[m[K In member function â€˜[01m[Keverest::hwdrivers::TLidarGrabResult everest::hwdrivers::C3iroboticsLidar::combineScan(everest::hwdrivers::TToothScan&)[m[Kâ€™:
[01m[K/home/incubus/mars_ros2/src/Delta_2A_ros/sdk/src/C3iroboticsLidar.cpp:212:67:[m[K [01;35m[Kwarning: [m[Kformat â€˜[01m[K%d[m[Kâ€™ expects argument of type â€˜[01m[Kint[m[Kâ€™, but argument 2 has type â€˜[01m[Ksize_t[m[Kâ€™ {aka â€˜[01m[Klong unsigned int[m[Kâ€™} [[01;35m[K-Wformat=[m[K]
  212 |                 printf("[C3iroboticsLidar] grab scan is time out [01;35m[K%d[m[K ms! Reset grab scan state, current is %5.2f, last is %5.2f! \n",
      |                                                                  [01;35m[K~^[m[K
      |                                                                   [01;35m[K|[m[K
      |                                                                   [01;35m[Kint[m[K
      |                                                                  [32m[K%ld[m[K
  213 |                           [32m[Km_params.scan_time_out_ms[m[K, tooth_scan.angle, m_last_scan_angle);
      |                           [32m[K~~~~~~~~~~~~~~~~~~~~~~~~~[m[K                
      |                                    [32m[K|[m[K
      |                                    [32m[Ksize_t {aka long unsigned int}[m[K
[01m[K/home/incubus/mars_ros2/src/Delta_2A_ros/sdk/src/C3iroboticsLidar.cpp:[m[K In member function â€˜[01m[Keverest::hwdrivers::TLidarGrabResult everest::hwdrivers::C3iroboticsLidar::analysisHealthInfo(everest::hwdrivers::CLidarPacket&)[m[Kâ€™:
[01m[K/home/incubus/mars_ros2/src/Delta_2A_ros/sdk/src/C3iroboticsLidar.cpp:353:51:[m[K [01;35m[Kwarning: [m[Kformat â€˜[01m[K%f[m[Kâ€™ expects argument of type â€˜[01m[Kdouble[m[Kâ€™, but argument 2 has type â€˜[01m[Kint[m[Kâ€™ [[01;35m[K-Wformat=[m[K]
  353 |     printf("[C3iroboticsLidar] Lidar error is [01;35m[K%5.5f[m[K!\n", [32m[Klidar_error[m[K );
      |                                               [01;35m[K~~~~^[m[K      [32m[K~~~~~~~~~~~[m[K
      |                                                   [01;35m[K|[m[K      [32m[K|[m[K
      |                                                   [01;35m[Kdouble[m[K [32m[Kint[m[K
      |                                               [32m[K%5.5d[m[K
[01m[K/home/incubus/mars_ros2/src/Delta_2A_ros/sdk/src/CLidarPacket.cpp:[m[K In static member function â€˜[01m[Kstatic void everest::hwdrivers::CLidarPacket::bufferToData(void*, void*, size_t)[m[Kâ€™:
[01m[K/home/incubus/mars_ros2/src/Delta_2A_ros/sdk/src/CLidarPacket.cpp:255:39:[m[K [01;35m[Kwarning: [m[Kunused parameter â€˜[01m[Kdest_ptr[m[Kâ€™ [[01;35m[K-Wunused-parameter[m[K]
  255 | void CLidarPacket::bufferToData([01;35m[Kvoid *dest_ptr[m[K, void *src_ptr, size_t length)
      |                                 [01;35m[K~~~~~~^~~~~~~~[m[K
[01m[K/home/incubus/mars_ros2/src/Delta_2A_ros/sdk/src/CLidarPacket.cpp:255:55:[m[K [01;35m[Kwarning: [m[Kunused parameter â€˜[01m[Ksrc_ptr[m[Kâ€™ [[01;35m[K-Wunused-parameter[m[K]
  255 | void CLidarPacket::bufferToData(void *dest_ptr, [01;35m[Kvoid *src_ptr[m[K, size_t length)
      |                                                 [01;35m[K~~~~~~^~~~~~~[m[K
[01m[K/home/incubus/mars_ros2/src/Delta_2A_ros/sdk/src/CLidarPacket.cpp:255:71:[m[K [01;35m[Kwarning: [m[Kunused parameter â€˜[01m[Klength[m[Kâ€™ [[01;35m[K-Wunused-parameter[m[K]
  255 | void CLidarPacket::bufferToData(void *dest_ptr, void *src_ptr, [01;35m[Ksize_t length[m[K)
      |                                                                [01;35m[K~~~~~~~^~~~~~[m[K
In file included from [01m[K/home/incubus/mars_ros2/src/Delta_2A_ros/sdk/src/CSerialConnection.cpp:19[m[K:
[01m[K/home/incubus/mars_ros2/src/Delta_2A_ros/sdk/include/CArcTime.h:[m[K In member function â€˜[01m[Kvoid everest::hwdrivers::CArcTime::log(const char*) const[m[Kâ€™:
[01m[K/home/incubus/mars_ros2/src/Delta_2A_ros/sdk/include/CArcTime.h:251:32:[m[K [01;35m[Kwarning: [m[Kunused parameter â€˜[01m[Kprefix[m[Kâ€™ [[01;35m[K-Wunused-parameter[m[K]
  251 |           void log(const char *[01;35m[Kp[m[Krefix = NULL) const
      |                                [01;35m[K^[m[K
[01m[K/home/incubus/mars_ros2/src/Delta_2A_ros/sdk/src/CSerialConnection.cpp:[m[K In member function â€˜[01m[Kint everest::hwdrivers::CSerialConnection::internalOpen()[m[Kâ€™:
[01m[K/home/incubus/mars_ros2/src/Delta_2A_ros/sdk/src/CSerialConnection.cpp:210:17:[m[K [01;35m[Kwarning: [m[Kunused variable â€˜[01m[Ktio[m[Kâ€™ [[01;35m[K-Wunused-variable[m[K]
  210 |  struct termios [01;35m[Ktio[m[K;
      |                 [01;35m[K^~~[m[K
[01m[K/home/incubus/mars_ros2/src/Delta_2A_ros/sdk/src/CSerialConnection.cpp:[m[K In member function â€˜[01m[Kbool everest::hwdrivers::CSerialConnection::setBaud(int)[m[Kâ€™:
[01m[K/home/incubus/mars_ros2/src/Delta_2A_ros/sdk/src/CSerialConnection.cpp:426:17:[m[K [01;35m[Kwarning: [m[Kunused variable â€˜[01m[Ktio[m[Kâ€™ [[01;35m[K-Wunused-variable[m[K]
  426 |  struct termios [01;35m[Ktio[m[K;
      |                 [01;35m[K^~~[m[K
[01m[K/home/incubus/mars_ros2/src/Delta_2A_ros/sdk/src/CSerialConnection.cpp:427:6:[m[K [01;35m[Kwarning: [m[Kunused variable â€˜[01m[Kbaud[m[Kâ€™ [[01;35m[K-Wunused-variable[m[K]
  427 |  int [01;35m[Kbaud[m[K;
      |      [01;35m[K^~~~[m[K
[01m[K/home/incubus/mars_ros2/src/Delta_2A_ros/sdk/src/CSerialConnection.cpp:[m[K In member function â€˜[01m[Kvirtual int everest::hwdrivers::CSerialConnection::read(const char*, unsigned int, unsigned int)[m[Kâ€™:
[01m[K/home/incubus/mars_ros2/src/Delta_2A_ros/sdk/src/CSerialConnection.cpp:672:14:[m[K [01;35m[Kwarning: [m[Kcomparison of unsigned expression >= 0 is always true [[01;35m[K-Wtype-limits[m[K]
  672 |   if ([01;35m[KmsWait >= 0[m[K)
      |       [01;35m[K~~~~~~~^~~~[m[K
In file included from [01m[K/home/incubus/mars_ros2/src/Delta_2A_ros/sdk/src/CSimulateSerial.cpp:19[m[K:
[01m[K/home/incubus/mars_ros2/src/Delta_2A_ros/sdk/include/CArcTime.h:[m[K In member function â€˜[01m[Kvoid everest::hwdrivers::CArcTime::log(const char*) const[m[Kâ€™:
[01m[K/home/incubus/mars_ros2/src/Delta_2A_ros/sdk/include/CArcTime.h:251:32:[m[K [01;35m[Kwarning: [m[Kunused parameter â€˜[01m[Kprefix[m[Kâ€™ [[01;35m[K-Wunused-parameter[m[K]
  251 |           void log(const char *[01;35m[Kp[m[Krefix = NULL) const
      |                                [01;35m[K^[m[K
[01m[K/home/incubus/mars_ros2/src/Delta_2A_ros/sdk/src/CSimulateSerial.cpp:[m[K In member function â€˜[01m[Kbool everest::hwdrivers::CSimulateSerial::setBaud(int)[m[Kâ€™:
[01m[K/home/incubus/mars_ros2/src/Delta_2A_ros/sdk/src/CSimulateSerial.cpp:198:35:[m[K [01;35m[Kwarning: [m[Kunused parameter â€˜[01m[Krate[m[Kâ€™ [[01;35m[K-Wunused-parameter[m[K]
  198 | bool CSimulateSerial::setBaud([01;35m[Kint rate[m[K)
      |                               [01;35m[K~~~~^~~~[m[K
[01m[K/home/incubus/mars_ros2/src/Delta_2A_ros/sdk/src/CSimulateSerial.cpp:[m[K In member function â€˜[01m[Kvirtual int everest::hwdrivers::CSimulateSerial::write(const char*, unsigned int)[m[Kâ€™:
[01m[K/home/incubus/mars_ros2/src/Delta_2A_ros/sdk/src/CSimulateSerial.cpp:225:40:[m[K [01;35m[Kwarning: [m[Kunused parameter â€˜[01m[Kdata[m[Kâ€™ [[01;35m[K-Wunused-parameter[m[K]
  225 | int CSimulateSerial::write([01;35m[Kconst char *data[m[K, unsigned int size)
      |                            [01;35m[K~~~~~~~~~~~~^~~~[m[K
[01m[K/home/incubus/mars_ros2/src/Delta_2A_ros/sdk/src/CSimulateSerial.cpp:225:59:[m[K [01;35m[Kwarning: [m[Kunused parameter â€˜[01m[Ksize[m[Kâ€™ [[01;35m[K-Wunused-parameter[m[K]
  225 | int CSimulateSerial::write(const char *data, [01;35m[Kunsigned int size[m[K)
      |                                              [01;35m[K~~~~~~~~~~~~~^~~~[m[K
[01m[K/home/incubus/mars_ros2/src/Delta_2A_ros/sdk/src/CSimulateSerial.cpp:[m[K In member function â€˜[01m[Kvirtual int everest::hwdrivers::CSimulateSerial::read(const char*, unsigned int, unsigned int)[m[Kâ€™:
[01m[K/home/incubus/mars_ros2/src/Delta_2A_ros/sdk/src/CSimulateSerial.cpp:241:77:[m[K [01;35m[Kwarning: [m[Kunused parameter â€˜[01m[KmsWait[m[Kâ€™ [[01;35m[K-Wunused-parameter[m[K]
  241 | int CSimulateSerial::read(const char *data, unsigned int size, [01;35m[Kunsigned int msWait[m[K)
      |                                                                [01;35m[K~~~~~~~~~~~~~^~~~~~[m[K
[01m[K/home/incubus/mars_ros2/src/Delta_2A_ros/src/client.cpp:[m[K In function â€˜[01m[Kvoid scanCallback(sensor_msgs::msg::LaserScan_<std::allocator<void> >::SharedPtr)[m[Kâ€™:
[01m[K/home/incubus/mars_ros2/src/Delta_2A_ros/src/client.cpp:25:15:[m[K [01;35m[Kwarning: [m[Kunused variable â€˜[01m[Kdegree[m[Kâ€™ [[01;35m[K-Wunused-variable[m[K]
   25 |         float [01;35m[Kdegree[m[K = RAD2DEG(scan->angle_min + scan->angle_increment * i);
      |               [01;35m[K^~~~~~[m[K
[01m[K/home/incubus/mars_ros2/src/Delta_2A_ros/src/client.cpp:[m[K In function â€˜[01m[Kint main(int, char**)[m[Kâ€™:
[01m[K/home/incubus/mars_ros2/src/Delta_2A_ros/src/client.cpp:32:30:[m[K [01;31m[Kerror: [m[Kinvalid initialization of reference of type â€˜[01m[Kconst rclcpp::InitOptions&[m[Kâ€™ from expression of type â€˜[01m[Kconst char [27][m[Kâ€™
   32 |     rclcpp::init(argc, argv, [01;31m[K"delta_2b_lidar_node_client"[m[K);
      |                              [01;31m[K^~~~~~~~~~~~~~~~~~~~~~~~~~~~[m[K
In file included from [01m[K/opt/ros/foxy/include/rclcpp/client.hpp:36[m[K,
                 from [01m[K/opt/ros/foxy/include/rclcpp/callback_group.hpp:23[m[K,
                 from [01m[K/opt/ros/foxy/include/rclcpp/any_executable.hpp:20[m[K,
                 from [01m[K/opt/ros/foxy/include/rclcpp/memory_strategy.hpp:24[m[K,
                 from [01m[K/opt/ros/foxy/include/rclcpp/memory_strategies.hpp:18[m[K,
                 from [01m[K/opt/ros/foxy/include/rclcpp/executor_options.hpp:20[m[K,
                 from [01m[K/opt/ros/foxy/include/rclcpp/executor.hpp:33[m[K,
                 from [01m[K/opt/ros/foxy/include/rclcpp/executors/multi_threaded_executor.hpp:26[m[K,
                 from [01m[K/opt/ros/foxy/include/rclcpp/executors.hpp:21[m[K,
                 from [01m[K/opt/ros/foxy/include/rclcpp/rclcpp.hpp:146[m[K,
                 from [01m[K/home/incubus/mars_ros2/src/Delta_2A_ros/src/client.cpp:12[m[K:
[01m[K/opt/ros/foxy/include/rclcpp/utilities.hpp:56:63:[m[K [01;36m[Knote: [m[Kin passing argument 3 of â€˜[01m[Kvoid rclcpp::init(int, const char* const*, const rclcpp::InitOptions&)[m[Kâ€™
   56 | init(int argc, char const * const argv[], [01;36m[Kconst InitOptions & init_options = InitOptions()[m[K);
      |                                           [01;36m[K~~~~~~~~~~~~~~~~~~~~^~~~~~~~~~~~~~~~~~~~~~~~~~~~[m[K
[01m[K/home/incubus/mars_ros2/src/Delta_2A_ros/src/client.cpp:33:13:[m[K [01;31m[Kerror: [m[Kâ€˜[01m[KNodeHandle[m[Kâ€™ is not a member of â€˜[01m[Krclcpp[m[Kâ€™
   33 |     rclcpp::[01;31m[KNodeHandle[m[K n;
      |             [01;31m[K^~~~~~~~~~[m[K
[01m[K/home/incubus/mars_ros2/src/Delta_2A_ros/src/client.cpp:35:13:[m[K [01;31m[Kerror: [m[Kâ€˜[01m[KSubscriber[m[Kâ€™ is not a member of â€˜[01m[Krclcpp[m[Kâ€™
   35 |     rclcpp::[01;31m[KSubscriber[m[K sub = n.subscribe<sensor_msgs::LaserScan>("/scan", 1000, scanCallback);
      |             [01;31m[K^~~~~~~~~~[m[K
[01m[K/home/incubus/mars_ros2/src/Delta_2A_ros/src/client.cpp:37:18:[m[K [01;31m[Kerror: [m[Kno matching function for call to â€˜[01m[Kspin()[m[Kâ€™
   37 |     rclcpp::spin([01;31m[K)[m[K;
      |                  [01;31m[K^[m[K
In file included from [01m[K/opt/ros/foxy/include/rclcpp/rclcpp.hpp:146[m[K,
                 from [01m[K/home/incubus/mars_ros2/src/Delta_2A_ros/src/client.cpp:12[m[K:
[01m[K/opt/ros/foxy/include/rclcpp/executors.hpp:45:1:[m[K [01;36m[Knote: [m[Kcandidate: â€˜[01m[Kvoid rclcpp::spin(rclcpp::node_interfaces::NodeBaseInterface::SharedPtr)[m[Kâ€™
   45 | [01;36m[Kspin[m[K(rclcpp::node_interfaces::NodeBaseInterface::SharedPtr node_ptr);
      | [01;36m[K^~~~[m[K
[01m[K/opt/ros/foxy/include/rclcpp/executors.hpp:45:1:[m[K [01;36m[Knote: [m[K  candidate expects 1 argument, 0 provided
[01m[K/opt/ros/foxy/include/rclcpp/executors.hpp:49:1:[m[K [01;36m[Knote: [m[Kcandidate: â€˜[01m[Kvoid rclcpp::spin(rclcpp::Node::SharedPtr)[m[Kâ€™
   49 | [01;36m[Kspin[m[K(rclcpp::Node::SharedPtr node_ptr);
      | [01;36m[K^~~~[m[K
[01m[K/opt/ros/foxy/include/rclcpp/executors.hpp:49:1:[m[K [01;36m[Knote: [m[K  candidate expects 1 argument, 0 provided
[01m[K/home/incubus/mars_ros2/src/Delta_2A_ros/src/node.cpp:50:19:[m[K [01;31m[Kerror: [m[Kvariable or field â€˜[01m[Kpublish_scan[m[Kâ€™ declared void
   50 | void publish_scan([01;31m[Kros[m[K::Publisher *pub,
      |                   [01;31m[K^~~[m[K
[01m[K/home/incubus/mars_ros2/src/Delta_2A_ros/src/node.cpp:50:19:[m[K [01;31m[Kerror: [m[Kâ€˜[01m[Kros[m[Kâ€™ has not been declared
[01m[K/home/incubus/mars_ros2/src/Delta_2A_ros/src/node.cpp:50:35:[m[K [01;31m[Kerror: [m[Kâ€˜[01m[Kpub[m[Kâ€™ was not declared in this scope
   50 | void publish_scan(ros::Publisher *[01;31m[Kpub[m[K,
      |                                   [01;31m[K^~~[m[K
[01m[K/home/incubus/mars_ros2/src/Delta_2A_ros/src/node.cpp:51:33:[m[K [01;31m[Kerror: [m[Kexpected primary-expression before â€˜[01m[K*[m[Kâ€™ token
   51 |                   _rslidar_data [01;31m[K*[m[Knodes,
      |                                 [01;31m[K^[m[K
[01m[K/home/incubus/mars_ros2/src/Delta_2A_ros/src/node.cpp:51:34:[m[K [01;31m[Kerror: [m[Kâ€˜[01m[Knodes[m[Kâ€™ was not declared in this scope
   51 |                   _rslidar_data *[01;31m[Knodes[m[K,
      |                                  [01;31m[K^~~~~[m[K
[01m[K/home/incubus/mars_ros2/src/Delta_2A_ros/src/node.cpp:52:26:[m[K [01;31m[Kerror: [m[Kexpected primary-expression before â€˜[01m[Knode_count[m[Kâ€™
   52 |                   size_t [01;31m[Knode_count[m[K, ros::Time start,
      |                          [01;31m[K^~~~~~~~~~[m[K
[01m[K/home/incubus/mars_ros2/src/Delta_2A_ros/src/node.cpp:52:38:[m[K [01;31m[Kerror: [m[Kâ€˜[01m[Kros[m[Kâ€™ has not been declared
   52 |                   size_t node_count, [01;31m[Kros[m[K::Time start,
      |                                      [01;31m[K^~~[m[K
[01m[K/home/incubus/mars_ros2/src/Delta_2A_ros/src/node.cpp:53:19:[m[K [01;31m[Kerror: [m[Kexpected primary-expression before â€˜[01m[Kdouble[m[Kâ€™
   53 |                   [01;31m[Kdouble[m[K scan_time,
      |                   [01;31m[K^~~~~~[m[K
[01m[K/home/incubus/mars_ros2/src/Delta_2A_ros/src/node.cpp:54:19:[m[K [01;31m[Kerror: [m[Kexpected primary-expression before â€˜[01m[Kfloat[m[Kâ€™
   54 |                   [01;31m[Kfloat[m[K angle_min, float angle_max,
      |                   [01;31m[K^~~~~[m[K
[01m[K/home/incubus/mars_ros2/src/Delta_2A_ros/src/node.cpp:54:36:[m[K [01;31m[Kerror: [m[Kexpected primary-expression before â€˜[01m[Kfloat[m[Kâ€™
   54 |                   float angle_min, [01;31m[Kfloat[m[K angle_max,
      |                                    [01;31m[K^~~~~[m[K
[01m[K/home/incubus/mars_ros2/src/Delta_2A_ros/src/node.cpp:55:31:[m[K [01;31m[Kerror: [m[Kexpected primary-expression before â€˜[01m[Kframe_id[m[Kâ€™
   55 |                   std::string [01;31m[Kframe_id[m[K)
      |                               [01;31m[K^~~~~~~~[m[K
[01m[K/home/incubus/mars_ros2/src/Delta_2A_ros/src/node.cpp:[m[K In function â€˜[01m[Kint main(int, char**)[m[Kâ€™:
[01m[K/home/incubus/mars_ros2/src/Delta_2A_ros/src/node.cpp:99:30:[m[K [01;31m[Kerror: [m[Kinvalid initialization of reference of type â€˜[01m[Kconst rclcpp::InitOptions&[m[Kâ€™ from expression of type â€˜[01m[Kconst char [20][m[Kâ€™
   99 |     rclcpp::init(argc, argv, [01;31m[K"delta_2b_lidar_node"[m[K);
      |                              [01;31m[K^~~~~~~~~~~~~~~~~~~~~[m[K
In file included from [01m[K/opt/ros/foxy/include/rclcpp/client.hpp:36[m[K,
                 from [01m[K/opt/ros/foxy/include/rclcpp/callback_group.hpp:23[m[K,
                 from [01m[K/opt/ros/foxy/include/rclcpp/any_executable.hpp:20[m[K,
                 from [01m[K/opt/ros/foxy/include/rclcpp/memory_strategy.hpp:24[m[K,
                 from [01m[K/opt/ros/foxy/include/rclcpp/memory_strategies.hpp:18[m[K,
                 from [01m[K/opt/ros/foxy/include/rclcpp/executor_options.hpp:20[m[K,
                 from [01m[K/opt/ros/foxy/include/rclcpp/executor.hpp:33[m[K,
                 from [01m[K/opt/ros/foxy/include/rclcpp/executors/multi_threaded_executor.hpp:26[m[K,
                 from [01m[K/opt/ros/foxy/include/rclcpp/executors.hpp:21[m[K,
                 from [01m[K/opt/ros/foxy/include/rclcpp/rclcpp.hpp:146[m[K,
                 from [01m[K/home/incubus/mars_ros2/src/Delta_2A_ros/src/node.cpp:15[m[K:
[01m[K/opt/ros/foxy/include/rclcpp/utilities.hpp:56:63:[m[K [01;36m[Knote: [m[Kin passing argument 3 of â€˜[01m[Kvoid rclcpp::init(int, const char* const*, const rclcpp::InitOptions&)[m[Kâ€™
   56 | init(int argc, char const * const argv[], [01;36m[Kconst InitOptions & init_options = InitOptions()[m[K);
      |                                           [01;36m[K~~~~~~~~~~~~~~~~~~~~^~~~~~~~~~~~~~~~~~~~~~~~~~~~[m[K
[01m[K/home/incubus/mars_ros2/src/Delta_2A_ros/src/node.cpp:106:13:[m[K [01;31m[Kerror: [m[Kâ€˜[01m[KNodeHandle[m[Kâ€™ is not a member of â€˜[01m[Krclcpp[m[Kâ€™
  106 |     rclcpp::[01;31m[KNodeHandle[m[K nh;
      |             [01;31m[K^~~~~~~~~~[m[K
[01m[K/home/incubus/mars_ros2/src/Delta_2A_ros/src/node.cpp:107:13:[m[K [01;31m[Kerror: [m[Kâ€˜[01m[KNodeHandle[m[Kâ€™ is not a member of â€˜[01m[Krclcpp[m[Kâ€™
  107 |     rclcpp::[01;31m[KNodeHandle[m[K nh_private("~");
      |             [01;31m[K^~~~~~~~~~[m[K
[01m[K/home/incubus/mars_ros2/src/Delta_2A_ros/src/node.cpp:108:5:[m[K [01;31m[Kerror: [m[Kâ€˜[01m[Knh_private[m[Kâ€™ was not declared in this scope
  108 |     [01;31m[Knh_private[m[K.param<string>("serial_port", opt_com_path, "/dev/ttyUSB4");
      |     [01;31m[K^~~~~~~~~~[m[K
[01m[K/home/incubus/mars_ros2/src/Delta_2A_ros/src/node.cpp:108:28:[m[K [01;31m[Kerror: [m[Kexpected primary-expression before â€˜[01m[K>[m[Kâ€™ token
  108 |     nh_private.param<string[01;31m[K>[m[K("serial_port", opt_com_path, "/dev/ttyUSB4");
      |                            [01;31m[K^[m[K
[01m[K/home/incubus/mars_ros2/src/Delta_2A_ros/src/node.cpp:108:30:[m[K [01;35m[Kwarning: [m[Kleft operand of comma operator has no effect [[01;35m[K-Wunused-value[m[K]
  108 |     nh_private.param<string>([01;35m[K"serial_port"[m[K, opt_com_path, "/dev/ttyUSB4");
      |                              [01;35m[K^~~~~~~~~~~~~[m[K
[01m[K/home/incubus/mars_ros2/src/Delta_2A_ros/src/node.cpp:108:59:[m[K [01;35m[Kwarning: [m[Kright operand of comma operator has no effect [[01;35m[K-Wunused-value[m[K]
  108 |     nh_private.param<string>("serial_port", opt_com_path, [01;35m[K"/dev/ttyUSB4"[m[K);
      |                                                           [01;35m[K^~~~~~~~~~~~~~[m[K
[01m[K/home/incubus/mars_ros2/src/Delta_2A_ros/src/node.cpp:109:28:[m[K [01;31m[Kerror: [m[Kexpected primary-expression before â€˜[01m[K>[m[Kâ€™ token
  109 |     nh_private.param<string[01;31m[K>[m[K("frame_id", frame_id, "laser");
      |                            [01;31m[K^[m[K
[01m[K/home/incubus/mars_ros2/src/Delta_2A_ros/src/node.cpp:109:30:[m[K [01;35m[Kwarning: [m[Kleft operand of comma operator has no effect [[01;35m[K-Wunused-value[m[K]
  109 |     nh_private.param<string>([01;35m[K"frame_id"[m[K, frame_id, "laser");
      |                              [01;35m[K^~~~~~~~~~[m[K
[01m[K/home/incubus/mars_ros2/src/Delta_2A_ros/src/node.cpp:109:52:[m[K [01;35m[Kwarning: [m[Kright operand of comma operator has no effect [[01;35m[K-Wunused-value[m[K]
  109 |     nh_private.param<string>("frame_id", frame_id, [01;35m[K"laser"[m[K);
      |                                                    [01;35m[K^~~~~~~[m[K
[01m[K/home/incubus/mars_ros2/src/Delta_2A_ros/src/node.cpp:112:23:[m[K [01;31m[Kerror: [m[Kmissing template arguments before â€˜[01m[Kscan_pub[m[Kâ€™
  112 |     rclcpp::Publisher [01;31m[Kscan_pub[m[K = nh.advertise<sensor_msgs::msg::LaserScan>("scan", 1000);
      |                       [01;31m[K^~~~~~~~[m[K
[01m[K/home/incubus/mars_ros2/src/Delta_2A_ros/src/node.cpp:133:5:[m[K [01;31m[Kerror: [m[Kâ€˜[01m[Kros[m[Kâ€™ has not been declared
  133 |     [01;31m[Kros[m[K::Time start_scan_time;
      |     [01;31m[K^~~[m[K
[01m[K/home/incubus/mars_ros2/src/Delta_2A_ros/src/node.cpp:134:5:[m[K [01;31m[Kerror: [m[Kâ€˜[01m[Kros[m[Kâ€™ has not been declared
  134 |     [01;31m[Kros[m[K::Time end_scan_time;
      |     [01;31m[K^~~[m[K
[01m[K/home/incubus/mars_ros2/src/Delta_2A_ros/src/node.cpp:137:2:[m[K [01;31m[Kerror: [m[Kâ€˜[01m[Kstart_scan_time[m[Kâ€™ was not declared in this scope
  137 |  [01;31m[Kstart_scan_time[m[K = rclcpp::Time::now();
      |  [01;31m[K^~~~~~~~~~~~~~~[m[K
[01m[K/home/incubus/mars_ros2/src/Delta_2A_ros/src/node.cpp:137:34:[m[K [01;31m[Kerror: [m[Kâ€˜[01m[Know[m[Kâ€™ is not a member of â€˜[01m[Krclcpp::Time[m[Kâ€™
  137 |  start_scan_time = rclcpp::Time::[01;31m[Know[m[K();
      |                                  [01;31m[K^~~[m[K
[01m[K/home/incubus/mars_ros2/src/Delta_2A_ros/src/node.cpp:166:5:[m[K [01;31m[Kerror: [m[Kâ€˜[01m[Kend_scan_time[m[Kâ€™ was not declared in this scope
  166 |     [01;31m[Kend_scan_time[m[K = rclcpp::Time::now();
      |     [01;31m[K^~~~~~~~~~~~~[m[K
[01m[K/home/incubus/mars_ros2/src/Delta_2A_ros/src/node.cpp:166:35:[m[K [01;31m[Kerror: [m[Kâ€˜[01m[Know[m[Kâ€™ is not a member of â€˜[01m[Krclcpp::Time[m[Kâ€™
  166 |     end_scan_time = rclcpp::Time::[01;31m[Know[m[K();
      |                                   [01;31m[K^~~[m[K
[01m[K/home/incubus/mars_ros2/src/Delta_2A_ros/src/node.cpp:168:46:[m[K [01;35m[Kwarning: [m[Kformat â€˜[01m[K%u[m[Kâ€™ expects argument of type â€˜[01m[Kunsigned int[m[Kâ€™, but argument 2 has type â€˜[01m[Ksize_t[m[Kâ€™ {aka â€˜[01m[Klong unsigned int[m[Kâ€™} [[01;35m[K-Wformat=[m[K]
  168 |                 printf("Receive Lidar count [01;35m[K%u[m[K!\n", [32m[Klidar_scan_size[m[K);
      |                                             [01;35m[K~^[m[K      [32m[K~~~~~~~~~~~~~~~[m[K
      |                                              [01;35m[K|[m[K      [32m[K|[m[K
      |                                              [01;35m[K|[m[K      [32m[Ksize_t {aka long unsigned int}[m[K
      |                                              [01;35m[Kunsigned int[m[K
      |                                             [32m[K%lu[m[K
[01m[K/home/incubus/mars_ros2/src/Delta_2A_ros/src/node.cpp:172:31:[m[K [01;31m[Kerror: [m[Kâ€˜[01m[Kscan_pub[m[Kâ€™ was not declared in this scope
  172 |                 publish_scan(&[01;31m[Kscan_pub[m[K, &send_lidar_scan_data[0], lidar_scan_size,
      |                               [01;31m[K^~~~~~~~[m[K
[01m[K/home/incubus/mars_ros2/src/Delta_2A_ros/src/node.cpp:172:17:[m[K [01;31m[Kerror: [m[Kâ€˜[01m[Kpublish_scan[m[Kâ€™ was not declared in this scope
  172 |                 [01;31m[Kpublish_scan[m[K(&scan_pub, &send_lidar_scan_data[0], lidar_scan_size,
      |                 [01;31m[K^~~~~~~~~~~~[m[K
[01m[K/home/incubus/mars_ros2/src/Delta_2A_ros/src/node.cpp:171:21:[m[K [01;35m[Kwarning: [m[Kunused variable â€˜[01m[Kstart_node[m[Kâ€™ [[01;35m[K-Wunused-variable[m[K]
  171 |                 int [01;35m[Kstart_node[m[K = 0, end_node = 359;
      |                     [01;35m[K^~~~~~~~~~[m[K
[01m[K/home/incubus/mars_ros2/src/Delta_2A_ros/src/node.cpp:171:37:[m[K [01;35m[Kwarning: [m[Kunused variable â€˜[01m[Kend_node[m[Kâ€™ [[01;35m[K-Wunused-variable[m[K]
  171 |                 int start_node = 0, [01;35m[Kend_node[m[K = 359;
      |                                     [01;35m[K^~~~~~~~[m[K
[01m[K/home/incubus/mars_ros2/src/Delta_2A_ros/src/node.cpp:191:9:[m[K [01;31m[Kerror: [m[Kâ€˜[01m[Kusleep[m[Kâ€™ was not declared in this scope
  191 |         [01;31m[Kusleep[m[K(50);
      |         [01;31m[K^~~~~~[m[K
[01m[K/home/incubus/mars_ros2/src/Delta_2A_ros/src/node.cpp:192:17:[m[K [01;31m[Kerror: [m[Kâ€˜[01m[KspinOnce[m[Kâ€™ is not a member of â€˜[01m[Krclcpp[m[Kâ€™
  192 |         rclcpp::[01;31m[KspinOnce[m[K();
      |                 [01;31m[K^~~~~~~~[m[K
In file included from [01m[K/home/incubus/mars_ros2/src/Delta_2A_ros/sdk/src/CTime.cpp:17[m[K:
[01m[K/home/incubus/mars_ros2/src/Delta_2A_ros/sdk/include/CLogUtitls.h:95:21:[m[K [01;35m[Kwarning: [m[Kâ€˜[01m[Kstd::string dateTimeLocalToString(const TTimeStamp&)[m[Kâ€™ defined but not used [[01;35m[K-Wunused-function[m[K]
   95 | static std::string  [01;35m[KdateTimeLocalToString[m[K(const everest::hwdrivers::TTimeStamp &t)
      |                     [01;35m[K^~~~~~~~~~~~~~~~~~~~~[m[K
[01m[K/home/incubus/mars_ros2/src/Delta_2A_ros/sdk/include/CLogUtitls.h:71:20:[m[K [01;35m[Kwarning: [m[Kâ€˜[01m[Kstd::string renameFileExtension(std::string&, std::string)[m[Kâ€™ defined but not used [[01;35m[K-Wunused-function[m[K]
   71 | static std::string [01;35m[KrenameFileExtension[m[K(std::string &file_path, std::string new_extension)
      |                    [01;35m[K^~~~~~~~~~~~~~~~~~~[m[K
[01m[K/home/incubus/mars_ros2/src/Delta_2A_ros/sdk/include/CLogUtitls.h:59:17:[m[K [01;35m[Kwarning: [m[Kâ€˜[01m[Kuint64_t getFileSize(const string&)[m[Kâ€™ defined but not used [[01;35m[K-Wunused-function[m[K]
   59 | static uint64_t [01;35m[KgetFileSize[m[K(const std::string &fileName)
      |                 [01;35m[K^~~~~~~~~~~[m[K
[01m[K/home/incubus/mars_ros2/src/Delta_2A_ros/sdk/include/CLogUtitls.h:49:13:[m[K [01;35m[Kwarning: [m[Kâ€˜[01m[Kbool renameFile(const string&, const string&)[m[Kâ€™ defined but not used [[01;35m[K-Wunused-function[m[K]
   49 | static bool [01;35m[KrenameFile[m[K( const std::string &oldFileName, const std::string &newFileName)
      |             [01;35m[K^~~~~~~~~~[m[K
make[2]: *** [CMakeFiles/delta_lidar_node_client.dir/build.make:63: CMakeFiles/delta_lidar_node_client.dir/src/client.cpp.o] Error 1
make[1]: *** [CMakeFiles/Makefile2:80: CMakeFiles/delta_lidar_node_client.dir/all] Error 2
make[1]: *** Waiting for unfinished jobs....
make[2]: *** [CMakeFiles/delta_lidar_node.dir/build.make:63: CMakeFiles/delta_lidar_node.dir/src/node.cpp.o] Error 1
make[1]: *** [CMakeFiles/Makefile2:107: CMakeFiles/delta_lidar_node.dir/all] Error 2
make: *** [Makefile:141: all] Error 2
