[35m[1mScanning dependencies of target delta_lidar_node[0m
[ 14%] Built target delta_lidar_node_client
[ 21%] [32mBuilding CXX object CMakeFiles/delta_lidar_node.dir/src/node.cpp.o[0m
[01m[K/home/incubus/mars_ros2/src/Delta_2A_ros/src/node.cpp:[m[K In function â€˜[01m[Kint main(int, char**)[m[Kâ€™:
[01m[K/home/incubus/mars_ros2/src/Delta_2A_ros/src/node.cpp:141:50:[m[K [01;31m[Kerror: [m[Kâ€˜[01m[Know[m[Kâ€™ is not a member of â€˜[01m[Krclcpp::Time[m[Kâ€™
  141 |     rclcpp::Time start_scan_time = rclcpp::Time::[01;31m[Know[m[K();
      |                                                  [01;31m[K^~~[m[K
[01m[K/home/incubus/mars_ros2/src/Delta_2A_ros/src/node.cpp:172:40:[m[K [01;31m[Kerror: [m[Kcannot call member function â€˜[01m[Krclcpp::Time rclcpp::Clock::now()[m[Kâ€™ without object
  172 |     end_scan_time = rclcpp::Clock::now([01;31m[K)[m[K;
      |                                        [01;31m[K^[m[K
[01m[K/home/incubus/mars_ros2/src/Delta_2A_ros/src/node.cpp:173:36:[m[K [01;31m[Kerror: [m[Kno match for â€˜[01m[Koperator-[m[Kâ€™ (operand types are â€˜[01m[Krclcpp::Clock[m[Kâ€™ and â€˜[01m[Krclcpp::Time[m[Kâ€™)
  173 |     scan_duration = ([32m[Kend_scan_time[m[K [01;31m[K-[m[K [34m[Kstart_scan_time[m[K).toSec() * 1e-3;
      |                      [32m[K~~~~~~~~~~~~~[m[K [01;31m[K^[m[K [34m[K~~~~~~~~~~~~~~~[m[K
      |                      [32m[K|[m[K               [34m[K|[m[K
      |                      [32m[Krclcpp::Clock[m[K   [34m[Krclcpp::Time[m[K
In file included from [01m[K/usr/include/c++/9/bits/stl_algobase.h:67[m[K,
                 from [01m[K/usr/include/c++/9/bits/char_traits.h:39[m[K,
                 from [01m[K/usr/include/c++/9/ios:40[m[K,
                 from [01m[K/usr/include/c++/9/ostream:38[m[K,
                 from [01m[K/usr/include/c++/9/iostream:39[m[K,
                 from [01m[K/home/incubus/mars_ros2/src/Delta_2A_ros/src/node.cpp:22[m[K:
[01m[K/usr/include/c++/9/bits/stl_iterator.h:415:5:[m[K [01;36m[Knote: [m[Kcandidate: â€˜[01m[Ktemplate<class _IteratorL, class _IteratorR> decltype ((__y.base() - __x.base())) std::operator-(const std::reverse_iterator<_Iterator>&, const std::reverse_iterator<_IteratorR>&)[m[Kâ€™
  415 |     [01;36m[Koperator[m[K-(const reverse_iterator<_IteratorL>& __x,
      |     [01;36m[K^~~~~~~~[m[K
[01m[K/usr/include/c++/9/bits/stl_iterator.h:415:5:[m[K [01;36m[Knote: [m[K  template argument deduction/substitution failed:
[01m[K/home/incubus/mars_ros2/src/Delta_2A_ros/src/node.cpp:173:38:[m[K [01;36m[Knote: [m[K  â€˜[01m[Krclcpp::Clock[m[Kâ€™ is not derived from â€˜[01m[Kconst std::reverse_iterator<_Iterator>[m[Kâ€™
  173 |     scan_duration = (end_scan_time - [01;36m[Kstart_scan_time[m[K).toSec() * 1e-3;
      |                                      [01;36m[K^~~~~~~~~~~~~~~[m[K
In file included from [01m[K/usr/include/c++/9/bits/stl_algobase.h:67[m[K,
                 from [01m[K/usr/include/c++/9/bits/char_traits.h:39[m[K,
                 from [01m[K/usr/include/c++/9/ios:40[m[K,
                 from [01m[K/usr/include/c++/9/ostream:38[m[K,
                 from [01m[K/usr/include/c++/9/iostream:39[m[K,
                 from [01m[K/home/incubus/mars_ros2/src/Delta_2A_ros/src/node.cpp:22[m[K:
[01m[K/usr/include/c++/9/bits/stl_iterator.h:1209:5:[m[K [01;36m[Knote: [m[Kcandidate: â€˜[01m[Ktemplate<class _IteratorL, class _IteratorR> decltype ((__x.base() - __y.base())) std::operator-(const std::move_iterator<_IteratorL>&, const std::move_iterator<_IteratorR>&)[m[Kâ€™
 1209 |     [01;36m[Koperator[m[K-(const move_iterator<_IteratorL>& __x,
      |     [01;36m[K^~~~~~~~[m[K
[01m[K/usr/include/c++/9/bits/stl_iterator.h:1209:5:[m[K [01;36m[Knote: [m[K  template argument deduction/substitution failed:
[01m[K/home/incubus/mars_ros2/src/Delta_2A_ros/src/node.cpp:173:38:[m[K [01;36m[Knote: [m[K  â€˜[01m[Krclcpp::Clock[m[Kâ€™ is not derived from â€˜[01m[Kconst std::move_iterator<_IteratorL>[m[Kâ€™
  173 |     scan_duration = (end_scan_time - [01;36m[Kstart_scan_time[m[K).toSec() * 1e-3;
      |                                      [01;36m[K^~~~~~~~~~~~~~~[m[K
In file included from [01m[K/usr/include/c++/9/vector:68[m[K,
                 from [01m[K/opt/ros/foxy/include/rosidl_runtime_cpp/bounded_vector.hpp:22[m[K,
                 from [01m[K/opt/ros/foxy/include/builtin_interfaces/msg/detail/time__struct.hpp:8[m[K,
                 from [01m[K/opt/ros/foxy/include/builtin_interfaces/msg/time.hpp:7[m[K,
                 from [01m[K/opt/ros/foxy/include/rclcpp/time.hpp:18[m[K,
                 from [01m[K/opt/ros/foxy/include/rclcpp/clock.hpp:23[m[K,
                 from [01m[K/home/incubus/mars_ros2/src/Delta_2A_ros/src/node.cpp:25[m[K:
[01m[K/usr/include/c++/9/bits/stl_bvector.h:214:3:[m[K [01;36m[Knote: [m[Kcandidate: â€˜[01m[Kstd::ptrdiff_t std::operator-(const std::_Bit_iterator_base&, const std::_Bit_iterator_base&)[m[Kâ€™
  214 |   [01;36m[Koperator[m[K-(const _Bit_iterator_base& __x, const _Bit_iterator_base& __y)
      |   [01;36m[K^~~~~~~~[m[K
[01m[K/usr/include/c++/9/bits/stl_bvector.h:214:39:[m[K [01;36m[Knote: [m[K  no known conversion for argument 1 from â€˜[01m[Krclcpp::Clock[m[Kâ€™ to â€˜[01m[Kconst std::_Bit_iterator_base&[m[Kâ€™
  214 |   operator-([01;36m[Kconst _Bit_iterator_base& __x[m[K, const _Bit_iterator_base& __y)
      |             [01;36m[K~~~~~~~~~~~~~~~~~~~~~~~~~~^~~[m[K
[01m[K/home/incubus/mars_ros2/src/Delta_2A_ros/src/node.cpp:174:46:[m[K [01;35m[Kwarning: [m[Kformat â€˜[01m[K%u[m[Kâ€™ expects argument of type â€˜[01m[Kunsigned int[m[Kâ€™, but argument 2 has type â€˜[01m[Ksize_t[m[Kâ€™ {aka â€˜[01m[Klong unsigned int[m[Kâ€™} [[01;35m[K-Wformat=[m[K]
  174 |                 printf("Receive Lidar count [01;35m[K%u[m[K!\n", [32m[Klidar_scan_size[m[K);
      |                                             [01;35m[K~^[m[K      [32m[K~~~~~~~~~~~~~~~[m[K
      |                                              [01;35m[K|[m[K      [32m[K|[m[K
      |                                              [01;35m[K|[m[K      [32m[Ksize_t {aka long unsigned int}[m[K
      |                                              [01;35m[Kunsigned int[m[K
      |                                             [32m[K%lu[m[K
[01m[K/home/incubus/mars_ros2/src/Delta_2A_ros/src/node.cpp:191:17:[m[K [01;31m[Kerror: [m[Kâ€˜[01m[Kros[m[Kâ€™ has not been declared
  191 |                 [01;31m[Kros[m[K::Clock start = start_scan_time;
      |                 [01;31m[K^~~[m[K
[01m[K/home/incubus/mars_ros2/src/Delta_2A_ros/src/node.cpp:194:17:[m[K [01;31m[Kerror: [m[Kexpected â€˜[01m[K,[m[Kâ€™ or â€˜[01m[K;[m[Kâ€™ before â€˜[01m[Kauto[m[Kâ€™
  194 |                 [01;31m[Kauto[m[K scan_msg = std::make_shared<sensor_msgs::msg::LaserScan>();
      |                 [01;31m[K^~~~[m[K
[01m[K/home/incubus/mars_ros2/src/Delta_2A_ros/src/node.cpp:196:17:[m[K [01;31m[Kerror: [m[Kâ€˜[01m[Kscan_msg[m[Kâ€™ was not declared in this scope
  196 |                 [01;31m[Kscan_msg[m[K->header.stamp = start;
      |                 [01;31m[K^~~~~~~~[m[K
[01m[K/home/incubus/mars_ros2/src/Delta_2A_ros/src/node.cpp:196:42:[m[K [01;31m[Kerror: [m[Kâ€˜[01m[Kstart[m[Kâ€™ was not declared in this scope
  196 |                 scan_msg->header.stamp = [01;31m[Kstart[m[K;
      |                                          [01;31m[K^~~~~[m[K
[01m[K/home/incubus/mars_ros2/src/Delta_2A_ros/src/node.cpp:213:55:[m[K [01;31m[Kerror: [m[Kno match for â€˜[01m[Koperator[][m[Kâ€™ (operand types are â€˜[01m[K_rslidar_data[m[Kâ€™ and â€˜[01m[Ksize_t[m[Kâ€™ {aka â€˜[01m[Klong unsigned int[m[Kâ€™})
  213 |                     size_t current_angle = floor(nodes[01;31m[K[[m[Ki].angle);
      |                                                       [01;31m[K^[m[K
[01m[K/home/incubus/mars_ros2/src/Delta_2A_ros/src/node.cpp:219:53:[m[K [01;31m[Kerror: [m[Kno match for â€˜[01m[Koperator[][m[Kâ€™ (operand types are â€˜[01m[K_rslidar_data[m[Kâ€™ and â€˜[01m[Ksize_t[m[Kâ€™ {aka â€˜[01m[Klong unsigned int[m[Kâ€™})
  219 |                     float read_value = (float) nodes[01;31m[K[[m[Ki].distance;
      |                                                     [01;31m[K^[m[K
[01m[K/home/incubus/mars_ros2/src/Delta_2A_ros/src/node.cpp:225:54:[m[K [01;31m[Kerror: [m[Kno match for â€˜[01m[Koperator[][m[Kâ€™ (operand types are â€˜[01m[K_rslidar_data[m[Kâ€™ and â€˜[01m[Ksize_t[m[Kâ€™ {aka â€˜[01m[Klong unsigned int[m[Kâ€™})
  225 |                     float intensities = (float) nodes[01;31m[K[[m[Ki].signal;
      |                                                      [01;31m[K^[m[K
[01m[K/home/incubus/mars_ros2/src/Delta_2A_ros/src/node.cpp:177:21:[m[K [01;35m[Kwarning: [m[Kunused variable â€˜[01m[Kstart_node[m[Kâ€™ [[01;35m[K-Wunused-variable[m[K]
  177 |                 int [01;35m[Kstart_node[m[K = 0, end_node = 359;
      |                     [01;35m[K^~~~~~~~~~[m[K
[01m[K/home/incubus/mars_ros2/src/Delta_2A_ros/src/node.cpp:177:37:[m[K [01;35m[Kwarning: [m[Kunused variable â€˜[01m[Kend_node[m[Kâ€™ [[01;35m[K-Wunused-variable[m[K]
  177 |                 int start_node = 0, [01;35m[Kend_node[m[K = 359;
      |                                     [01;35m[K^~~~~~~~[m[K
[01m[K/home/incubus/mars_ros2/src/Delta_2A_ros/src/node.cpp:232:23:[m[K [01;31m[Kerror: [m[Kno match for â€˜[01m[Koperator=[m[Kâ€™ (operand types are â€˜[01m[Krclcpp::Time[m[Kâ€™ and â€˜[01m[Krclcpp::Clock[m[Kâ€™)
  232 |     start_scan_time = [01;31m[Kend_scan_time[m[K;
      |                       [01;31m[K^~~~~~~~~~~~~[m[K
In file included from [01m[K/opt/ros/foxy/include/rclcpp/clock.hpp:23[m[K,
                 from [01m[K/home/incubus/mars_ros2/src/Delta_2A_ros/src/node.cpp:25[m[K:
[01m[K/opt/ros/foxy/include/rclcpp/time.hpp:91:3:[m[K [01;36m[Knote: [m[Kcandidate: â€˜[01m[Krclcpp::Time& rclcpp::Time::operator=(const rclcpp::Time&)[m[Kâ€™
   91 |   [01;36m[Koperator[m[K=(const Time & rhs);
      |   [01;36m[K^~~~~~~~[m[K
[01m[K/opt/ros/foxy/include/rclcpp/time.hpp:91:26:[m[K [01;36m[Knote: [m[K  no known conversion for argument 1 from â€˜[01m[Krclcpp::Clock[m[Kâ€™ to â€˜[01m[Kconst rclcpp::Time&[m[Kâ€™
   91 |   operator=([01;36m[Kconst Time & rhs[m[K);
      |             [01;36m[K~~~~~~~~~~~~~^~~[m[K
[01m[K/opt/ros/foxy/include/rclcpp/time.hpp:101:3:[m[K [01;36m[Knote: [m[Kcandidate: â€˜[01m[Krclcpp::Time& rclcpp::Time::operator=(const Time&)[m[Kâ€™
  101 |   [01;36m[Koperator[m[K=(const builtin_interfaces::msg::Time & time_msg);
      |   [01;36m[K^~~~~~~~[m[K
[01m[K/opt/ros/foxy/include/rclcpp/time.hpp:101:51:[m[K [01;36m[Knote: [m[K  no known conversion for argument 1 from â€˜[01m[Krclcpp::Clock[m[Kâ€™ to â€˜[01m[Kconst Time&[m[Kâ€™ {aka â€˜[01m[Kconst builtin_interfaces::msg::Time_<std::allocator<void> >&[m[Kâ€™}
  101 |   operator=([01;36m[Kconst builtin_interfaces::msg::Time & time_msg[m[K);
      |             [01;36m[K~~~~~~~~~~~~~~~~~~~~~~~~~~~~~~~~~~~~~~^~~~~~~~[m[K
[01m[K/home/incubus/mars_ros2/src/Delta_2A_ros/src/node.cpp:148:15:[m[K [01;35m[Kwarning: [m[Kenumeration value â€˜[01m[KLIDAR_GRAB_ERRO[m[Kâ€™ not handled in switch [[01;35m[K-Wswitch[m[K]
  148 |         switch[01;35m[K([m[Kresult)
      |               [01;35m[K^[m[K
[01m[K/home/incubus/mars_ros2/src/Delta_2A_ros/src/node.cpp:148:15:[m[K [01;35m[Kwarning: [m[Kenumeration value â€˜[01m[KLIDAR_GRAB_ELSE[m[Kâ€™ not handled in switch [[01;35m[K-Wswitch[m[K]
[01m[K/home/incubus/mars_ros2/src/Delta_2A_ros/src/node.cpp:236:13:[m[K [01;31m[Kerror: [m[Kcase label â€˜[01m[Keverest::hwdrivers::LIDAR_GRAB_ERRO[m[Kâ€™ not within a switch statement
  236 |             [01;31m[Kcase[m[K LIDAR_GRAB_ERRO:
      |             [01;31m[K^~~~[m[K
[01m[K/home/incubus/mars_ros2/src/Delta_2A_ros/src/node.cpp:240:13:[m[K [01;31m[Kerror: [m[Kcase label â€˜[01m[Keverest::hwdrivers::LIDAR_GRAB_ELSE[m[Kâ€™ not within a switch statement
  240 |             [01;31m[Kcase[m[K LIDAR_GRAB_ELSE:
      |             [01;31m[K^~~~[m[K
[01m[K/home/incubus/mars_ros2/src/Delta_2A_ros/src/node.cpp:[m[K At global scope:
[01m[K/home/incubus/mars_ros2/src/Delta_2A_ros/src/node.cpp:250:5:[m[K [01;31m[Kerror: [m[Kexpected unqualified-id before â€˜[01m[Kreturn[m[Kâ€™
  250 |     [01;31m[Kreturn[m[K 0;
      |     [01;31m[K^~~~~~[m[K
[01m[K/home/incubus/mars_ros2/src/Delta_2A_ros/src/node.cpp:251:1:[m[K [01;31m[Kerror: [m[Kexpected declaration before â€˜[01m[K}[m[Kâ€™ token
  251 | [01;31m[K}[m[K
      | [01;31m[K^[m[K
make[2]: *** [CMakeFiles/delta_lidar_node.dir/build.make:63: CMakeFiles/delta_lidar_node.dir/src/node.cpp.o] Error 1
make[1]: *** [CMakeFiles/Makefile2:107: CMakeFiles/delta_lidar_node.dir/all] Error 2
make: *** [Makefile:141: all] Error 2
