[0.017s] Invoking command in '/home/incubus/mars_ros2/build/delta_lidar': CMAKE_PREFIX_PATH=/opt/ros/foxy /usr/bin/cmake --build /home/incubus/mars_ros2/build/delta_lidar -- -j4 -l4
[0.065s] [35m[1mScanning dependencies of target delta_lidar_node[0m
[0.084s] [ 14%] Built target delta_lidar_node_client
[0.095s] [ 21%] [32mBuilding CXX object CMakeFiles/delta_lidar_node.dir/src/node.cpp.o[0m
[1.399s] [01m[K/home/incubus/mars_ros2/src/Delta_2A_ros/src/node.cpp:[m[K In function â€˜[01m[Kint main(int, char**)[m[Kâ€™:
[1.399s] [01m[K/home/incubus/mars_ros2/src/Delta_2A_ros/src/node.cpp:176:46:[m[K [01;35m[Kwarning: [m[Kformat â€˜[01m[K%u[m[Kâ€™ expects argument of type â€˜[01m[Kunsigned int[m[Kâ€™, but argument 2 has type â€˜[01m[Ksize_t[m[Kâ€™ {aka â€˜[01m[Klong unsigned int[m[Kâ€™} [[01;35m[K-Wformat=[m[K]
[1.399s]   176 |                 printf("Receive Lidar count [01;35m[K%u[m[K!\n", [32m[Klidar_scan_size[m[K);
[1.399s]       |                                             [01;35m[K~^[m[K      [32m[K~~~~~~~~~~~~~~~[m[K
[1.399s]       |                                              [01;35m[K|[m[K      [32m[K|[m[K
[1.400s]       |                                              [01;35m[K|[m[K      [32m[Ksize_t {aka long unsigned int}[m[K
[1.400s]       |                                              [01;35m[Kunsigned int[m[K
[1.400s]       |                                             [32m[K%lu[m[K
[1.400s] [01m[K/home/incubus/mars_ros2/src/Delta_2A_ros/src/node.cpp:191:62:[m[K [01;31m[Kerror: [m[Kcannot convert â€˜[01m[K__gnu_cxx::__alloc_traits<std::allocator<_rslidar_data>, _rslidar_data>::value_type[m[Kâ€™ {aka â€˜[01m[K_rslidar_data[m[Kâ€™} to â€˜[01m[K_rslidar_data*[m[Kâ€™ in initialization
[1.400s]   191 |                 _rslidar_data *nodes = send_lidar_scan_data[0[01;31m[K][m[K;
[1.400s]       |                                                              [01;31m[K^[m[K
[1.403s] [01m[K/home/incubus/mars_ros2/src/Delta_2A_ros/src/node.cpp:222:47:[m[K [01;31m[Kerror: [m[Kâ€˜[01m[Kclass std::shared_ptr<sensor_msgs::msg::LaserScan_<std::allocator<void> > >[m[Kâ€™ has no member named â€˜[01m[Krange_min[m[Kâ€™
[1.403s]   222 |                     if (read_value < scan_msg.[01;31m[Krange_min[m[K || read_value > scan_msg.range_max)
[1.403s]       |                                               [01;31m[K^~~~~~~~~[m[K
[1.403s] [01m[K/home/incubus/mars_ros2/src/Delta_2A_ros/src/node.cpp:222:82:[m[K [01;31m[Kerror: [m[Kâ€˜[01m[Kclass std::shared_ptr<sensor_msgs::msg::LaserScan_<std::allocator<void> > >[m[Kâ€™ has no member named â€˜[01m[Krange_max[m[Kâ€™
[1.403s]   222 |                     if (read_value < scan_msg.range_min || read_value > scan_msg.[01;31m[Krange_max[m[K)
[1.403s]       |                                                                                  [01;31m[K^~~~~~~~~[m[K
[1.404s] [01m[K/home/incubus/mars_ros2/src/Delta_2A_ros/src/node.cpp:223:34:[m[K [01;31m[Kerror: [m[Kâ€˜[01m[Kclass std::shared_ptr<sensor_msgs::msg::LaserScan_<std::allocator<void> > >[m[Kâ€™ has no member named â€˜[01m[Kranges[m[Kâ€™
[1.404s]   223 |                         scan_msg.[01;31m[Kranges[m[K[360- 1- current_angle] = std::numeric_limits<float>::infinity();
[1.404s]       |                                  [01;31m[K^~~~~~[m[K
[1.404s] [01m[K/home/incubus/mars_ros2/src/Delta_2A_ros/src/node.cpp:225:34:[m[K [01;31m[Kerror: [m[Kâ€˜[01m[Kclass std::shared_ptr<sensor_msgs::msg::LaserScan_<std::allocator<void> > >[m[Kâ€™ has no member named â€˜[01m[Kranges[m[Kâ€™
[1.404s]   225 |                         scan_msg.[01;31m[Kranges[m[K[360 -1- current_angle] = read_value;
[1.404s]       |                                  [01;31m[K^~~~~~[m[K
[1.404s] [01m[K/home/incubus/mars_ros2/src/Delta_2A_ros/src/node.cpp:228:30:[m[K [01;31m[Kerror: [m[Kâ€˜[01m[Kclass std::shared_ptr<sensor_msgs::msg::LaserScan_<std::allocator<void> > >[m[Kâ€™ has no member named â€˜[01m[Kintensities[m[Kâ€™
[1.404s]   228 |                     scan_msg.[01;31m[Kintensities[m[K[360 -1- current_angle] = intensities;
[1.404s]       |                              [01;31m[K^~~~~~~~~~~[m[K
[1.413s] [01m[K/home/incubus/mars_ros2/src/Delta_2A_ros/src/node.cpp:179:21:[m[K [01;35m[Kwarning: [m[Kunused variable â€˜[01m[Kstart_node[m[Kâ€™ [[01;35m[K-Wunused-variable[m[K]
[1.413s]   179 |                 int [01;35m[Kstart_node[m[K = 0, end_node = 359;
[1.413s]       |                     [01;35m[K^~~~~~~~~~[m[K
[1.413s] [01m[K/home/incubus/mars_ros2/src/Delta_2A_ros/src/node.cpp:179:37:[m[K [01;35m[Kwarning: [m[Kunused variable â€˜[01m[Kend_node[m[Kâ€™ [[01;35m[K-Wunused-variable[m[K]
[1.413s]   179 |                 int start_node = 0, [01;35m[Kend_node[m[K = 359;
[1.413s]       |                                     [01;35m[K^~~~~~~~[m[K
[1.413s] [01m[K/home/incubus/mars_ros2/src/Delta_2A_ros/src/node.cpp:150:15:[m[K [01;35m[Kwarning: [m[Kenumeration value â€˜[01m[KLIDAR_GRAB_ERRO[m[Kâ€™ not handled in switch [[01;35m[K-Wswitch[m[K]
[1.413s]   150 |         switch[01;35m[K([m[Kresult)
[1.413s]       |               [01;35m[K^[m[K
[1.413s] [01m[K/home/incubus/mars_ros2/src/Delta_2A_ros/src/node.cpp:150:15:[m[K [01;35m[Kwarning: [m[Kenumeration value â€˜[01m[KLIDAR_GRAB_ELSE[m[Kâ€™ not handled in switch [[01;35m[K-Wswitch[m[K]
[1.414s] [01m[K/home/incubus/mars_ros2/src/Delta_2A_ros/src/node.cpp:238:13:[m[K [01;31m[Kerror: [m[Kcase label â€˜[01m[Keverest::hwdrivers::LIDAR_GRAB_ERRO[m[Kâ€™ not within a switch statement
[1.414s]   238 |             [01;31m[Kcase[m[K LIDAR_GRAB_ERRO:
[1.414s]       |             [01;31m[K^~~~[m[K
[1.414s] [01m[K/home/incubus/mars_ros2/src/Delta_2A_ros/src/node.cpp:242:13:[m[K [01;31m[Kerror: [m[Kcase label â€˜[01m[Keverest::hwdrivers::LIDAR_GRAB_ELSE[m[Kâ€™ not within a switch statement
[1.414s]   242 |             [01;31m[Kcase[m[K LIDAR_GRAB_ELSE:
[1.414s]       |             [01;31m[K^~~~[m[K
[1.414s] [01m[K/home/incubus/mars_ros2/src/Delta_2A_ros/src/node.cpp:[m[K At global scope:
[1.414s] [01m[K/home/incubus/mars_ros2/src/Delta_2A_ros/src/node.cpp:252:5:[m[K [01;31m[Kerror: [m[Kexpected unqualified-id before â€˜[01m[Kreturn[m[Kâ€™
[1.414s]   252 |     [01;31m[Kreturn[m[K 0;
[1.414s]       |     [01;31m[K^~~~~~[m[K
[1.414s] [01m[K/home/incubus/mars_ros2/src/Delta_2A_ros/src/node.cpp:253:1:[m[K [01;31m[Kerror: [m[Kexpected declaration before â€˜[01m[K}[m[Kâ€™ token
[1.414s]   253 | [01;31m[K}[m[K
[1.414s]       | [01;31m[K^[m[K
[2.364s] make[2]: *** [CMakeFiles/delta_lidar_node.dir/build.make:63: CMakeFiles/delta_lidar_node.dir/src/node.cpp.o] Error 1
[2.364s] make[1]: *** [CMakeFiles/Makefile2:107: CMakeFiles/delta_lidar_node.dir/all] Error 2
[2.364s] make: *** [Makefile:141: all] Error 2
[2.366s] Invoked command in '/home/incubus/mars_ros2/build/delta_lidar' returned '2': CMAKE_PREFIX_PATH=/opt/ros/foxy /usr/bin/cmake --build /home/incubus/mars_ros2/build/delta_lidar -- -j4 -l4
